2025-10-23 09:16:29.683 [main] INFO  com.m2m.management.ManagementApplication - Starting ManagementApplication v0.0.1-SNAPSHOT on gangqiangsun-VirtualBox with PID 5932 (/home/gangqiangsun/MYPROJECT/BACKEND/m2m-management-ensaas-edgehub/target/management-0.0.1-SNAPSHOT.jar started by root in /home/gangqiangsun/MYPROJECT/BACKEND/m2m-management-ensaas-edgehub)
2025-10-23 09:16:29.718 [main] INFO  com.m2m.management.ManagementApplication - No active profile set, falling back to default profiles: default
2025-10-23 09:16:37.229 [main] INFO  o.s.d.r.config.RepositoryConfigurationDelegate - Bootstrapping Spring Data repositories in DEFAULT mode.
2025-10-23 09:16:37.665 [main] INFO  o.s.d.r.config.RepositoryConfigurationDelegate - Finished Spring Data repository scanning in 422ms. Found 18 repository interfaces.
2025-10-23 09:16:41.145 [main] INFO  o.s.c.s.PostProcessorRegistrationDelegate$BeanPostProcessorChecker - Bean 'org.springframework.transaction.annotation.ProxyTransactionManagementConfiguration' of type [org.springframework.transaction.annotation.ProxyTransactionManagementConfiguration$$EnhancerBySpringCGLIB$$f24f52a5] is not eligible for getting processed by all BeanPostProcessors (for example: not eligible for auto-proxying)
2025-10-23 09:16:41.249 [main] INFO  o.s.c.s.PostProcessorRegistrationDelegate$BeanPostProcessorChecker - Bean 'org.springframework.hateoas.config.HateoasConfiguration' of type [org.springframework.hateoas.config.HateoasConfiguration$$EnhancerBySpringCGLIB$$71cf9fd7] is not eligible for getting processed by all BeanPostProcessors (for example: not eligible for auto-proxying)
2025-10-23 09:16:43.716 [main] INFO  o.s.boot.web.embedded.tomcat.TomcatWebServer - Tomcat initialized with port(s): 30001 (http)
2025-10-23 09:16:43.850 [main] INFO  org.apache.coyote.http11.Http11NioProtocol - Initializing ProtocolHandler ["http-nio-30001"]
2025-10-23 09:16:44.013 [main] INFO  org.apache.catalina.core.StandardService - Starting service [Tomcat]
2025-10-23 09:16:44.013 [main] INFO  org.apache.catalina.core.StandardEngine - Starting Servlet Engine: Apache Tomcat/9.0.13
2025-10-23 09:16:44.140 [main] INFO  org.apache.catalina.core.AprLifecycleListener - The APR based Apache Tomcat Native library which allows optimal performance in production environments was not found on the java.library.path: [/usr/java/packages/lib/amd64:/usr/lib64:/lib64:/lib:/usr/lib]
2025-10-23 09:16:45.349 [main] INFO  o.a.c.core.ContainerBase.[Tomcat].[localhost].[/] - Initializing Spring embedded WebApplicationContext
2025-10-23 09:16:45.350 [main] INFO  org.springframework.web.context.ContextLoader - Root WebApplicationContext: initialization completed in 14798 ms
2025-10-23 09:16:50.396 [main] INFO  org.hibernate.jpa.internal.util.LogHelper - HHH000204: Processing PersistenceUnitInfo [
	name: default
	...]
2025-10-23 09:16:51.214 [main] INFO  org.hibernate.Version - HHH000412: Hibernate Core {5.3.7.Final}
2025-10-23 09:16:51.217 [main] INFO  org.hibernate.cfg.Environment - HHH000206: hibernate.properties not found
2025-10-23 09:16:52.349 [main] INFO  org.hibernate.annotations.common.Version - HCANN000001: Hibernate Commons Annotations {5.0.4.Final}
2025-10-23 09:16:55.663 [main] INFO  org.hibernate.dialect.Dialect - HHH000400: Using dialect: org.hibernate.dialect.PostgreSQLDialect
2025-10-23 09:16:55.692 [main] INFO  o.h.engine.jdbc.env.internal.LobCreatorBuilderImpl - HHH000422: Disabling contextual LOB creation as connection was null
2025-10-23 09:16:55.702 [main] INFO  org.hibernate.type.BasicTypeRegistry - HHH000270: Type registration [java.util.UUID] overrides previous : org.hibernate.type.UUIDBinaryType@53d102a2
2025-10-23 09:16:59.877 [main] INFO  o.s.orm.jpa.LocalContainerEntityManagerFactoryBean - Initialized JPA EntityManagerFactory for persistence unit 'default'
2025-10-23 09:17:01.882 [main] INFO  o.h.hql.internal.QueryTranslatorFactoryInitiator - HHH000397: Using ASTQueryTranslatorFactory
2025-10-23 09:17:03.348 [main] INFO  o.s.scheduling.concurrent.ThreadPoolTaskExecutor - Initializing ExecutorService 'applicationTaskExecutor'
2025-10-23 09:17:03.658 [main] WARN  o.s.b.a.o.j.JpaBaseConfiguration$JpaWebConfiguration$JpaWebMvcConfiguration - spring.jpa.open-in-view is enabled by default. Therefore, database queries may be performed during view rendering. Explicitly configure spring.jpa.open-in-view to disable this warning
2025-10-23 09:17:03.901 [main] INFO  o.s.b.a.web.servlet.WelcomePageHandlerMapping - Adding welcome page: class path resource [aStore/index.html]
2025-10-23 09:17:04.599 [main] INFO  org.apache.coyote.http11.Http11NioProtocol - Starting ProtocolHandler ["http-nio-30001"]
2025-10-23 09:17:04.751 [main] INFO  org.apache.tomcat.util.net.NioSelectorPool - Using a shared selector for servlet write/read
2025-10-23 09:17:04.832 [main] INFO  o.s.boot.web.embedded.tomcat.TomcatWebServer - Tomcat started on port(s): 30001 (http) with context path ''
2025-10-23 09:17:04.836 [main] INFO  com.m2m.management.ManagementApplication - Started ManagementApplication in 40.229 seconds (JVM running for 49.147)
2025-10-23 09:17:05.177 [main] ERROR com.m2m.management.utils.VerifyWpLicense - PARTNUMBER is empty
2025-10-23 10:49:31.303 [http-nio-30001-exec-1] INFO  o.a.c.core.ContainerBase.[Tomcat].[localhost].[/] - Initializing Spring DispatcherServlet 'dispatcherServlet'
2025-10-23 10:49:31.304 [http-nio-30001-exec-1] INFO  org.springframework.web.servlet.DispatcherServlet - Initializing Servlet 'dispatcherServlet'
2025-10-23 10:49:31.342 [http-nio-30001-exec-1] INFO  org.springframework.web.servlet.DispatcherServlet - Completed initialization in 37 ms
2025-10-23 11:29:07.725 [main] INFO  o.s.b.t.context.SpringBootTestContextBootstrapper - Neither @ContextConfiguration nor @ContextHierarchy found for test class [com.m2m.management.ManagementApplicationTests], using SpringBootContextLoader
2025-10-23 11:29:07.732 [main] INFO  o.s.test.context.support.AbstractContextLoader - Could not detect default resource locations for test class [com.m2m.management.ManagementApplicationTests]: no resource found for suffixes {-context.xml, Context.groovy}.
2025-10-23 11:29:07.734 [main] INFO  o.s.t.c.support.AnnotationConfigContextLoaderUtils - Could not detect default configuration classes for test class [com.m2m.management.ManagementApplicationTests]: ManagementApplicationTests does not declare any static, non-private, non-final, nested classes annotated with @Configuration.
2025-10-23 11:29:07.968 [main] INFO  o.s.b.t.context.SpringBootTestContextBootstrapper - Found @SpringBootConfiguration com.m2m.management.ManagementApplication for test class com.m2m.management.ManagementApplicationTests
2025-10-23 11:29:08.211 [main] INFO  o.s.b.t.context.SpringBootTestContextBootstrapper - Loaded default TestExecutionListener class names from location [META-INF/spring.factories]: [org.springframework.boot.test.autoconfigure.restdocs.RestDocsTestExecutionListener, org.springframework.boot.test.autoconfigure.web.client.MockRestServiceServerResetTestExecutionListener, org.springframework.boot.test.autoconfigure.web.servlet.MockMvcPrintOnlyOnFailureTestExecutionListener, org.springframework.boot.test.autoconfigure.web.servlet.WebDriverTestExecutionListener, org.springframework.boot.test.mock.mockito.MockitoTestExecutionListener, org.springframework.boot.test.mock.mockito.ResetMocksTestExecutionListener, org.springframework.test.context.web.ServletTestExecutionListener, org.springframework.test.context.support.DirtiesContextBeforeModesTestExecutionListener, org.springframework.test.context.support.DependencyInjectionTestExecutionListener, org.springframework.test.context.support.DirtiesContextTestExecutionListener, org.springframework.test.context.transaction.TransactionalTestExecutionListener, org.springframework.test.context.jdbc.SqlScriptsTestExecutionListener]
2025-10-23 11:29:08.239 [main] INFO  o.s.b.t.context.SpringBootTestContextBootstrapper - Using TestExecutionListeners: [org.springframework.test.context.web.ServletTestExecutionListener@82de64a, org.springframework.test.context.support.DirtiesContextBeforeModesTestExecutionListener@659499f1, org.springframework.boot.test.mock.mockito.MockitoTestExecutionListener@51e69659, org.springframework.boot.test.autoconfigure.SpringBootDependencyInjectionTestExecutionListener@47e2e487, org.springframework.test.context.support.DirtiesContextTestExecutionListener@201a4587, org.springframework.test.context.transaction.TransactionalTestExecutionListener@61001b64, org.springframework.test.context.jdbc.SqlScriptsTestExecutionListener@4310d43, org.springframework.boot.test.autoconfigure.restdocs.RestDocsTestExecutionListener@54a7079e, org.springframework.boot.test.autoconfigure.web.client.MockRestServiceServerResetTestExecutionListener@26e356f0, org.springframework.boot.test.autoconfigure.web.servlet.MockMvcPrintOnlyOnFailureTestExecutionListener@47d9a273, org.springframework.boot.test.autoconfigure.web.servlet.WebDriverTestExecutionListener@4b8ee4de, org.springframework.boot.test.mock.mockito.ResetMocksTestExecutionListener@27f981c6]
2025-10-23 11:29:08.713 [main] INFO  com.m2m.management.ManagementApplicationTests - Starting ManagementApplicationTests on gangqiangsun-VirtualBox with PID 10899 (started by root in /home/gangqiangsun/MYPROJECT/BACKEND/m2m-management-ensaas-edgehub)
2025-10-23 11:29:08.728 [main] INFO  com.m2m.management.ManagementApplicationTests - No active profile set, falling back to default profiles: default
2025-10-23 11:29:10.961 [main] INFO  o.s.d.r.config.RepositoryConfigurationDelegate - Bootstrapping Spring Data repositories in DEFAULT mode.
2025-10-23 11:29:11.199 [main] INFO  o.s.d.r.config.RepositoryConfigurationDelegate - Finished Spring Data repository scanning in 230ms. Found 18 repository interfaces.
2025-10-23 11:29:12.360 [main] INFO  o.s.c.s.PostProcessorRegistrationDelegate$BeanPostProcessorChecker - Bean 'org.springframework.transaction.annotation.ProxyTransactionManagementConfiguration' of type [org.springframework.transaction.annotation.ProxyTransactionManagementConfiguration$$EnhancerBySpringCGLIB$$93ce592b] is not eligible for getting processed by all BeanPostProcessors (for example: not eligible for auto-proxying)
2025-10-23 11:29:12.442 [main] INFO  o.s.c.s.PostProcessorRegistrationDelegate$BeanPostProcessorChecker - Bean 'org.springframework.hateoas.config.HateoasConfiguration' of type [org.springframework.hateoas.config.HateoasConfiguration$$EnhancerBySpringCGLIB$$134ea65d] is not eligible for getting processed by all BeanPostProcessors (for example: not eligible for auto-proxying)
2025-10-23 11:29:13.779 [main] INFO  org.hibernate.jpa.internal.util.LogHelper - HHH000204: Processing PersistenceUnitInfo [
	name: default
	...]
2025-10-23 11:29:13.943 [main] INFO  org.hibernate.Version - HHH000412: Hibernate Core {5.3.7.Final}
2025-10-23 11:29:13.948 [main] INFO  org.hibernate.cfg.Environment - HHH000206: hibernate.properties not found
2025-10-23 11:29:14.171 [main] INFO  org.hibernate.annotations.common.Version - HCANN000001: Hibernate Commons Annotations {5.0.4.Final}
2025-10-23 11:29:14.492 [main] INFO  org.hibernate.dialect.Dialect - HHH000400: Using dialect: org.hibernate.dialect.PostgreSQLDialect
2025-10-23 11:29:14.511 [main] INFO  o.h.engine.jdbc.env.internal.LobCreatorBuilderImpl - HHH000422: Disabling contextual LOB creation as connection was null
2025-10-23 11:29:14.523 [main] INFO  org.hibernate.type.BasicTypeRegistry - HHH000270: Type registration [java.util.UUID] overrides previous : org.hibernate.type.UUIDBinaryType@40d52be7
2025-10-23 11:29:16.759 [main] INFO  o.s.orm.jpa.LocalContainerEntityManagerFactoryBean - Initialized JPA EntityManagerFactory for persistence unit 'default'
2025-10-23 11:29:18.481 [main] INFO  o.h.hql.internal.QueryTranslatorFactoryInitiator - HHH000397: Using ASTQueryTranslatorFactory
2025-10-23 11:29:20.417 [main] INFO  o.s.scheduling.concurrent.ThreadPoolTaskExecutor - Initializing ExecutorService 'applicationTaskExecutor'
2025-10-23 11:29:20.585 [main] WARN  o.s.b.a.o.j.JpaBaseConfiguration$JpaWebConfiguration$JpaWebMvcConfiguration - spring.jpa.open-in-view is enabled by default. Therefore, database queries may be performed during view rendering. Explicitly configure spring.jpa.open-in-view to disable this warning
2025-10-23 11:29:20.895 [main] INFO  o.s.b.a.web.servlet.WelcomePageHandlerMapping - Adding welcome page: class path resource [aStore/index.html]
2025-10-23 11:29:21.349 [main] INFO  com.m2m.management.ManagementApplicationTests - Started ManagementApplicationTests in 13.037 seconds (JVM running for 14.847)
2025-10-23 11:29:21.640 [main] ERROR com.m2m.management.utils.VerifyWpLicense - PARTNUMBER is empty
2025-10-23 11:29:22.342 [Thread-3] INFO  o.s.scheduling.concurrent.ThreadPoolTaskExecutor - Shutting down ExecutorService 'applicationTaskExecutor'
2025-10-23 11:29:22.389 [Thread-3] INFO  o.s.orm.jpa.LocalContainerEntityManagerFactoryBean - Closing JPA EntityManagerFactory for persistence unit 'default'
2025-10-23 11:29:34.572 [main] INFO  com.m2m.management.ManagementApplication - Starting ManagementApplication v0.0.1-SNAPSHOT on gangqiangsun-VirtualBox with PID 10965 (/home/gangqiangsun/MYPROJECT/BACKEND/m2m-management-ensaas-edgehub/target/management-0.0.1-SNAPSHOT.jar started by root in /home/gangqiangsun/MYPROJECT/BACKEND/m2m-management-ensaas-edgehub)
2025-10-23 11:29:34.583 [main] INFO  com.m2m.management.ManagementApplication - No active profile set, falling back to default profiles: default
2025-10-23 11:29:36.337 [main] INFO  o.s.d.r.config.RepositoryConfigurationDelegate - Bootstrapping Spring Data repositories in DEFAULT mode.
2025-10-23 11:29:36.673 [main] INFO  o.s.d.r.config.RepositoryConfigurationDelegate - Finished Spring Data repository scanning in 319ms. Found 18 repository interfaces.
2025-10-23 11:29:37.839 [main] INFO  o.s.c.s.PostProcessorRegistrationDelegate$BeanPostProcessorChecker - Bean 'org.springframework.transaction.annotation.ProxyTransactionManagementConfiguration' of type [org.springframework.transaction.annotation.ProxyTransactionManagementConfiguration$$EnhancerBySpringCGLIB$$9e36760d] is not eligible for getting processed by all BeanPostProcessors (for example: not eligible for auto-proxying)
2025-10-23 11:29:37.933 [main] INFO  o.s.c.s.PostProcessorRegistrationDelegate$BeanPostProcessorChecker - Bean 'org.springframework.hateoas.config.HateoasConfiguration' of type [org.springframework.hateoas.config.HateoasConfiguration$$EnhancerBySpringCGLIB$$1db6c33f] is not eligible for getting processed by all BeanPostProcessors (for example: not eligible for auto-proxying)
2025-10-23 11:29:39.174 [main] INFO  o.s.boot.web.embedded.tomcat.TomcatWebServer - Tomcat initialized with port(s): 30001 (http)
2025-10-23 11:29:39.225 [main] INFO  org.apache.coyote.http11.Http11NioProtocol - Initializing ProtocolHandler ["http-nio-30001"]
2025-10-23 11:29:39.252 [main] INFO  org.apache.catalina.core.StandardService - Starting service [Tomcat]
2025-10-23 11:29:39.257 [main] INFO  org.apache.catalina.core.StandardEngine - Starting Servlet Engine: Apache Tomcat/9.0.13
2025-10-23 11:29:39.281 [main] INFO  org.apache.catalina.core.AprLifecycleListener - The APR based Apache Tomcat Native library which allows optimal performance in production environments was not found on the java.library.path: [/usr/java/packages/lib/amd64:/usr/lib64:/lib64:/lib:/usr/lib]
2025-10-23 11:29:39.536 [main] INFO  o.a.c.core.ContainerBase.[Tomcat].[localhost].[/] - Initializing Spring embedded WebApplicationContext
2025-10-23 11:29:39.537 [main] INFO  org.springframework.web.context.ContextLoader - Root WebApplicationContext: initialization completed in 4802 ms
2025-10-23 11:29:41.035 [main] INFO  org.hibernate.jpa.internal.util.LogHelper - HHH000204: Processing PersistenceUnitInfo [
	name: default
	...]
2025-10-23 11:29:41.196 [main] INFO  org.hibernate.Version - HHH000412: Hibernate Core {5.3.7.Final}
2025-10-23 11:29:41.199 [main] INFO  org.hibernate.cfg.Environment - HHH000206: hibernate.properties not found
2025-10-23 11:29:41.436 [main] INFO  org.hibernate.annotations.common.Version - HCANN000001: Hibernate Commons Annotations {5.0.4.Final}
2025-10-23 11:29:42.157 [main] INFO  org.hibernate.dialect.Dialect - HHH000400: Using dialect: org.hibernate.dialect.PostgreSQLDialect
2025-10-23 11:29:42.212 [main] INFO  o.h.engine.jdbc.env.internal.LobCreatorBuilderImpl - HHH000422: Disabling contextual LOB creation as connection was null
2025-10-23 11:29:42.221 [main] INFO  org.hibernate.type.BasicTypeRegistry - HHH000270: Type registration [java.util.UUID] overrides previous : org.hibernate.type.UUIDBinaryType@2807bdeb
2025-10-23 11:29:44.619 [main] INFO  o.s.orm.jpa.LocalContainerEntityManagerFactoryBean - Initialized JPA EntityManagerFactory for persistence unit 'default'
2025-10-23 11:29:46.559 [main] INFO  o.h.hql.internal.QueryTranslatorFactoryInitiator - HHH000397: Using ASTQueryTranslatorFactory
2025-10-23 11:29:48.741 [main] INFO  o.s.scheduling.concurrent.ThreadPoolTaskExecutor - Initializing ExecutorService 'applicationTaskExecutor'
2025-10-23 11:29:48.995 [main] WARN  o.s.b.a.o.j.JpaBaseConfiguration$JpaWebConfiguration$JpaWebMvcConfiguration - spring.jpa.open-in-view is enabled by default. Therefore, database queries may be performed during view rendering. Explicitly configure spring.jpa.open-in-view to disable this warning
2025-10-23 11:29:49.347 [main] INFO  o.s.b.a.web.servlet.WelcomePageHandlerMapping - Adding welcome page: class path resource [aStore/index.html]
2025-10-23 11:29:49.954 [main] INFO  org.apache.coyote.http11.Http11NioProtocol - Starting ProtocolHandler ["http-nio-30001"]
2025-10-23 11:29:49.960 [main] INFO  org.apache.tomcat.util.net.NioSelectorPool - Using a shared selector for servlet write/read
2025-10-23 11:29:49.963 [main] ERROR org.apache.catalina.util.LifecycleBase - Failed to start component [Connector[HTTP/1.1-30001]]
org.apache.catalina.LifecycleException: Protocol handler start failed
	at org.apache.catalina.connector.Connector.startInternal(Connector.java:1001)
	at org.apache.catalina.util.LifecycleBase.start(LifecycleBase.java:183)
	at org.apache.catalina.core.StandardService.addConnector(StandardService.java:225)
	at org.springframework.boot.web.embedded.tomcat.TomcatWebServer.addPreviouslyRemovedConnectors(TomcatWebServer.java:259)
	at org.springframework.boot.web.embedded.tomcat.TomcatWebServer.start(TomcatWebServer.java:197)
	at org.springframework.boot.web.servlet.context.ServletWebServerApplicationContext.startWebServer(ServletWebServerApplicationContext.java:311)
	at org.springframework.boot.web.servlet.context.ServletWebServerApplicationContext.finishRefresh(ServletWebServerApplicationContext.java:164)
	at org.springframework.context.support.AbstractApplicationContext.refresh(AbstractApplicationContext.java:549)
	at org.springframework.boot.web.servlet.context.ServletWebServerApplicationContext.refresh(ServletWebServerApplicationContext.java:142)
	at org.springframework.boot.SpringApplication.refresh(SpringApplication.java:775)
	at org.springframework.boot.SpringApplication.refreshContext(SpringApplication.java:397)
	at org.springframework.boot.SpringApplication.run(SpringApplication.java:316)
	at org.springframework.boot.SpringApplication.run(SpringApplication.java:1260)
	at org.springframework.boot.SpringApplication.run(SpringApplication.java:1248)
	at com.m2m.management.ManagementApplication.main(ManagementApplication.java:21)
	at sun.reflect.NativeMethodAccessorImpl.invoke0(Native Method)
	at sun.reflect.NativeMethodAccessorImpl.invoke(NativeMethodAccessorImpl.java:62)
	at sun.reflect.DelegatingMethodAccessorImpl.invoke(DelegatingMethodAccessorImpl.java:43)
	at java.lang.reflect.Method.invoke(Method.java:498)
	at org.springframework.boot.loader.MainMethodRunner.run(MainMethodRunner.java:48)
	at org.springframework.boot.loader.Launcher.launch(Launcher.java:87)
	at org.springframework.boot.loader.Launcher.launch(Launcher.java:50)
	at org.springframework.boot.loader.JarLauncher.main(JarLauncher.java:51)
Caused by: java.net.BindException: 地址已在使用
	at sun.nio.ch.Net.bind0(Native Method)
	at sun.nio.ch.Net.bind(Net.java:433)
	at sun.nio.ch.Net.bind(Net.java:425)
	at sun.nio.ch.ServerSocketChannelImpl.bind(ServerSocketChannelImpl.java:223)
	at sun.nio.ch.ServerSocketAdaptor.bind(ServerSocketAdaptor.java:74)
	at org.apache.tomcat.util.net.NioEndpoint.initServerSocket(NioEndpoint.java:236)
	at org.apache.tomcat.util.net.NioEndpoint.bind(NioEndpoint.java:210)
	at org.apache.tomcat.util.net.AbstractEndpoint.bindWithCleanup(AbstractEndpoint.java:1067)
	at org.apache.tomcat.util.net.AbstractEndpoint.start(AbstractEndpoint.java:1149)
	at org.apache.coyote.AbstractProtocol.start(AbstractProtocol.java:561)
	at org.apache.catalina.connector.Connector.startInternal(Connector.java:998)
	... 22 common frames omitted
2025-10-23 11:29:49.973 [main] INFO  org.apache.coyote.http11.Http11NioProtocol - Pausing ProtocolHandler ["http-nio-30001"]
2025-10-23 11:29:49.973 [main] INFO  org.apache.catalina.core.StandardService - Stopping service [Tomcat]
2025-10-23 11:29:49.981 [main] INFO  org.apache.catalina.util.LifecycleBase - The stop() method was called on component [StandardServer[-1]] after stop() had already been called. The second call will be ignored.
2025-10-23 11:29:49.982 [main] INFO  org.apache.coyote.http11.Http11NioProtocol - Stopping ProtocolHandler ["http-nio-30001"]
2025-10-23 11:29:49.983 [main] INFO  org.apache.coyote.http11.Http11NioProtocol - Destroying ProtocolHandler ["http-nio-30001"]
2025-10-23 11:29:49.990 [main] INFO  o.s.b.a.l.ConditionEvaluationReportLoggingListener - 

Error starting ApplicationContext. To display the conditions report re-run your application with 'debug' enabled.
2025-10-23 11:29:49.992 [main] ERROR o.s.b.diagnostics.LoggingFailureAnalysisReporter - 

***************************
APPLICATION FAILED TO START
***************************

Description:

The Tomcat connector configured to listen on port 30001 failed to start. The port may already be in use or the connector may be misconfigured.

Action:

Verify the connector's configuration, identify and stop any process that's listening on port 30001, or configure this application to listen on another port.

2025-10-23 11:29:50.000 [main] INFO  o.s.scheduling.concurrent.ThreadPoolTaskExecutor - Shutting down ExecutorService 'applicationTaskExecutor'
2025-10-23 11:29:50.024 [main] INFO  o.s.orm.jpa.LocalContainerEntityManagerFactoryBean - Closing JPA EntityManagerFactory for persistence unit 'default'
2025-10-23 11:30:49.717 [http-nio-30001-exec-6] WARN  o.s.w.s.m.support.DefaultHandlerExceptionResolver - Resolved [org.springframework.web.bind.MissingServletRequestParameterException: Required int parameter 'storageId' is not present]
2025-10-23 11:35:15.338 [main] INFO  o.s.b.t.context.SpringBootTestContextBootstrapper - Neither @ContextConfiguration nor @ContextHierarchy found for test class [com.m2m.management.ManagementApplicationTests], using SpringBootContextLoader
2025-10-23 11:35:15.344 [main] INFO  o.s.test.context.support.AbstractContextLoader - Could not detect default resource locations for test class [com.m2m.management.ManagementApplicationTests]: no resource found for suffixes {-context.xml, Context.groovy}.
2025-10-23 11:35:15.345 [main] INFO  o.s.t.c.support.AnnotationConfigContextLoaderUtils - Could not detect default configuration classes for test class [com.m2m.management.ManagementApplicationTests]: ManagementApplicationTests does not declare any static, non-private, non-final, nested classes annotated with @Configuration.
2025-10-23 11:35:15.555 [main] INFO  o.s.b.t.context.SpringBootTestContextBootstrapper - Found @SpringBootConfiguration com.m2m.management.ManagementApplication for test class com.m2m.management.ManagementApplicationTests
2025-10-23 11:35:15.767 [main] INFO  o.s.b.t.context.SpringBootTestContextBootstrapper - Loaded default TestExecutionListener class names from location [META-INF/spring.factories]: [org.springframework.boot.test.autoconfigure.restdocs.RestDocsTestExecutionListener, org.springframework.boot.test.autoconfigure.web.client.MockRestServiceServerResetTestExecutionListener, org.springframework.boot.test.autoconfigure.web.servlet.MockMvcPrintOnlyOnFailureTestExecutionListener, org.springframework.boot.test.autoconfigure.web.servlet.WebDriverTestExecutionListener, org.springframework.boot.test.mock.mockito.MockitoTestExecutionListener, org.springframework.boot.test.mock.mockito.ResetMocksTestExecutionListener, org.springframework.test.context.web.ServletTestExecutionListener, org.springframework.test.context.support.DirtiesContextBeforeModesTestExecutionListener, org.springframework.test.context.support.DependencyInjectionTestExecutionListener, org.springframework.test.context.support.DirtiesContextTestExecutionListener, org.springframework.test.context.transaction.TransactionalTestExecutionListener, org.springframework.test.context.jdbc.SqlScriptsTestExecutionListener]
2025-10-23 11:35:15.791 [main] INFO  o.s.b.t.context.SpringBootTestContextBootstrapper - Using TestExecutionListeners: [org.springframework.test.context.web.ServletTestExecutionListener@82de64a, org.springframework.test.context.support.DirtiesContextBeforeModesTestExecutionListener@659499f1, org.springframework.boot.test.mock.mockito.MockitoTestExecutionListener@51e69659, org.springframework.boot.test.autoconfigure.SpringBootDependencyInjectionTestExecutionListener@47e2e487, org.springframework.test.context.support.DirtiesContextTestExecutionListener@201a4587, org.springframework.test.context.transaction.TransactionalTestExecutionListener@61001b64, org.springframework.test.context.jdbc.SqlScriptsTestExecutionListener@4310d43, org.springframework.boot.test.autoconfigure.restdocs.RestDocsTestExecutionListener@54a7079e, org.springframework.boot.test.autoconfigure.web.client.MockRestServiceServerResetTestExecutionListener@26e356f0, org.springframework.boot.test.autoconfigure.web.servlet.MockMvcPrintOnlyOnFailureTestExecutionListener@47d9a273, org.springframework.boot.test.autoconfigure.web.servlet.WebDriverTestExecutionListener@4b8ee4de, org.springframework.boot.test.mock.mockito.ResetMocksTestExecutionListener@27f981c6]
2025-10-23 11:35:16.313 [main] INFO  com.m2m.management.ManagementApplicationTests - Starting ManagementApplicationTests on gangqiangsun-VirtualBox with PID 11136 (started by root in /home/gangqiangsun/MYPROJECT/BACKEND/m2m-management-ensaas-edgehub)
2025-10-23 11:35:16.315 [main] INFO  com.m2m.management.ManagementApplicationTests - No active profile set, falling back to default profiles: default
2025-10-23 11:35:17.973 [main] INFO  o.s.d.r.config.RepositoryConfigurationDelegate - Bootstrapping Spring Data repositories in DEFAULT mode.
2025-10-23 11:35:18.195 [main] INFO  o.s.d.r.config.RepositoryConfigurationDelegate - Finished Spring Data repository scanning in 210ms. Found 18 repository interfaces.
2025-10-23 11:35:19.380 [main] INFO  o.s.c.s.PostProcessorRegistrationDelegate$BeanPostProcessorChecker - Bean 'org.springframework.transaction.annotation.ProxyTransactionManagementConfiguration' of type [org.springframework.transaction.annotation.ProxyTransactionManagementConfiguration$$EnhancerBySpringCGLIB$$7326c3e5] is not eligible for getting processed by all BeanPostProcessors (for example: not eligible for auto-proxying)
2025-10-23 11:35:19.445 [main] INFO  o.s.c.s.PostProcessorRegistrationDelegate$BeanPostProcessorChecker - Bean 'org.springframework.hateoas.config.HateoasConfiguration' of type [org.springframework.hateoas.config.HateoasConfiguration$$EnhancerBySpringCGLIB$$f2a71117] is not eligible for getting processed by all BeanPostProcessors (for example: not eligible for auto-proxying)
2025-10-23 11:35:20.814 [main] INFO  org.hibernate.jpa.internal.util.LogHelper - HHH000204: Processing PersistenceUnitInfo [
	name: default
	...]
2025-10-23 11:35:20.976 [main] INFO  org.hibernate.Version - HHH000412: Hibernate Core {5.3.7.Final}
2025-10-23 11:35:20.979 [main] INFO  org.hibernate.cfg.Environment - HHH000206: hibernate.properties not found
2025-10-23 11:35:21.197 [main] INFO  org.hibernate.annotations.common.Version - HCANN000001: Hibernate Commons Annotations {5.0.4.Final}
2025-10-23 11:35:21.466 [main] INFO  org.hibernate.dialect.Dialect - HHH000400: Using dialect: org.hibernate.dialect.PostgreSQLDialect
2025-10-23 11:35:21.507 [main] INFO  o.h.engine.jdbc.env.internal.LobCreatorBuilderImpl - HHH000422: Disabling contextual LOB creation as connection was null
2025-10-23 11:35:21.523 [main] INFO  org.hibernate.type.BasicTypeRegistry - HHH000270: Type registration [java.util.UUID] overrides previous : org.hibernate.type.UUIDBinaryType@1e3df614
2025-10-23 11:35:23.901 [main] INFO  o.s.orm.jpa.LocalContainerEntityManagerFactoryBean - Initialized JPA EntityManagerFactory for persistence unit 'default'
2025-10-23 11:35:25.311 [main] INFO  o.h.hql.internal.QueryTranslatorFactoryInitiator - HHH000397: Using ASTQueryTranslatorFactory
2025-10-23 11:35:27.426 [main] INFO  o.s.scheduling.concurrent.ThreadPoolTaskExecutor - Initializing ExecutorService 'applicationTaskExecutor'
2025-10-23 11:35:27.575 [main] WARN  o.s.b.a.o.j.JpaBaseConfiguration$JpaWebConfiguration$JpaWebMvcConfiguration - spring.jpa.open-in-view is enabled by default. Therefore, database queries may be performed during view rendering. Explicitly configure spring.jpa.open-in-view to disable this warning
2025-10-23 11:35:27.887 [main] INFO  o.s.b.a.web.servlet.WelcomePageHandlerMapping - Adding welcome page: class path resource [aStore/index.html]
2025-10-23 11:35:28.297 [main] INFO  com.m2m.management.ManagementApplicationTests - Started ManagementApplicationTests in 12.451 seconds (JVM running for 13.914)
2025-10-23 11:35:28.550 [main] ERROR com.m2m.management.utils.VerifyWpLicense - PARTNUMBER is empty
2025-10-23 11:35:29.042 [Thread-3] INFO  o.s.scheduling.concurrent.ThreadPoolTaskExecutor - Shutting down ExecutorService 'applicationTaskExecutor'
2025-10-23 11:35:29.071 [Thread-3] INFO  o.s.orm.jpa.LocalContainerEntityManagerFactoryBean - Closing JPA EntityManagerFactory for persistence unit 'default'
2025-10-23 11:35:40.710 [main] INFO  com.m2m.management.ManagementApplication - Starting ManagementApplication v0.0.1-SNAPSHOT on gangqiangsun-VirtualBox with PID 11206 (/home/gangqiangsun/MYPROJECT/BACKEND/m2m-management-ensaas-edgehub/target/management-0.0.1-SNAPSHOT.jar started by root in /home/gangqiangsun/MYPROJECT/BACKEND/m2m-management-ensaas-edgehub)
2025-10-23 11:35:40.723 [main] INFO  com.m2m.management.ManagementApplication - No active profile set, falling back to default profiles: default
2025-10-23 11:35:42.600 [main] INFO  o.s.d.r.config.RepositoryConfigurationDelegate - Bootstrapping Spring Data repositories in DEFAULT mode.
2025-10-23 11:35:42.921 [main] INFO  o.s.d.r.config.RepositoryConfigurationDelegate - Finished Spring Data repository scanning in 293ms. Found 18 repository interfaces.
2025-10-23 11:35:44.229 [main] INFO  o.s.c.s.PostProcessorRegistrationDelegate$BeanPostProcessorChecker - Bean 'org.springframework.transaction.annotation.ProxyTransactionManagementConfiguration' of type [org.springframework.transaction.annotation.ProxyTransactionManagementConfiguration$$EnhancerBySpringCGLIB$$b13a013f] is not eligible for getting processed by all BeanPostProcessors (for example: not eligible for auto-proxying)
2025-10-23 11:35:44.282 [main] INFO  o.s.c.s.PostProcessorRegistrationDelegate$BeanPostProcessorChecker - Bean 'org.springframework.hateoas.config.HateoasConfiguration' of type [org.springframework.hateoas.config.HateoasConfiguration$$EnhancerBySpringCGLIB$$30ba4e71] is not eligible for getting processed by all BeanPostProcessors (for example: not eligible for auto-proxying)
2025-10-23 11:35:45.489 [main] INFO  o.s.boot.web.embedded.tomcat.TomcatWebServer - Tomcat initialized with port(s): 30001 (http)
2025-10-23 11:35:45.538 [main] INFO  org.apache.coyote.http11.Http11NioProtocol - Initializing ProtocolHandler ["http-nio-30001"]
2025-10-23 11:35:45.592 [main] INFO  org.apache.catalina.core.StandardService - Starting service [Tomcat]
2025-10-23 11:35:45.592 [main] INFO  org.apache.catalina.core.StandardEngine - Starting Servlet Engine: Apache Tomcat/9.0.13
2025-10-23 11:35:45.623 [main] INFO  org.apache.catalina.core.AprLifecycleListener - The APR based Apache Tomcat Native library which allows optimal performance in production environments was not found on the java.library.path: [/usr/java/packages/lib/amd64:/usr/lib64:/lib64:/lib:/usr/lib]
2025-10-23 11:35:45.878 [main] INFO  o.a.c.core.ContainerBase.[Tomcat].[localhost].[/] - Initializing Spring embedded WebApplicationContext
2025-10-23 11:35:45.878 [main] INFO  org.springframework.web.context.ContextLoader - Root WebApplicationContext: initialization completed in 4907 ms
2025-10-23 11:35:47.363 [main] INFO  org.hibernate.jpa.internal.util.LogHelper - HHH000204: Processing PersistenceUnitInfo [
	name: default
	...]
2025-10-23 11:35:47.512 [main] INFO  org.hibernate.Version - HHH000412: Hibernate Core {5.3.7.Final}
2025-10-23 11:35:47.514 [main] INFO  org.hibernate.cfg.Environment - HHH000206: hibernate.properties not found
2025-10-23 11:35:47.800 [main] INFO  org.hibernate.annotations.common.Version - HCANN000001: Hibernate Commons Annotations {5.0.4.Final}
2025-10-23 11:35:48.527 [main] INFO  org.hibernate.dialect.Dialect - HHH000400: Using dialect: org.hibernate.dialect.PostgreSQLDialect
2025-10-23 11:35:48.612 [main] INFO  o.h.engine.jdbc.env.internal.LobCreatorBuilderImpl - HHH000422: Disabling contextual LOB creation as connection was null
2025-10-23 11:35:48.626 [main] INFO  org.hibernate.type.BasicTypeRegistry - HHH000270: Type registration [java.util.UUID] overrides previous : org.hibernate.type.UUIDBinaryType@31d0e481
2025-10-23 11:35:51.112 [main] INFO  o.s.orm.jpa.LocalContainerEntityManagerFactoryBean - Initialized JPA EntityManagerFactory for persistence unit 'default'
2025-10-23 11:35:52.538 [main] INFO  o.h.hql.internal.QueryTranslatorFactoryInitiator - HHH000397: Using ASTQueryTranslatorFactory
2025-10-23 11:35:54.453 [main] INFO  o.s.scheduling.concurrent.ThreadPoolTaskExecutor - Initializing ExecutorService 'applicationTaskExecutor'
2025-10-23 11:35:54.630 [main] WARN  o.s.b.a.o.j.JpaBaseConfiguration$JpaWebConfiguration$JpaWebMvcConfiguration - spring.jpa.open-in-view is enabled by default. Therefore, database queries may be performed during view rendering. Explicitly configure spring.jpa.open-in-view to disable this warning
2025-10-23 11:35:54.992 [main] INFO  o.s.b.a.web.servlet.WelcomePageHandlerMapping - Adding welcome page: class path resource [aStore/index.html]
2025-10-23 11:35:55.576 [main] INFO  org.apache.coyote.http11.Http11NioProtocol - Starting ProtocolHandler ["http-nio-30001"]
2025-10-23 11:35:55.582 [main] INFO  org.apache.tomcat.util.net.NioSelectorPool - Using a shared selector for servlet write/read
2025-10-23 11:35:55.585 [main] ERROR org.apache.catalina.util.LifecycleBase - Failed to start component [Connector[HTTP/1.1-30001]]
org.apache.catalina.LifecycleException: Protocol handler start failed
	at org.apache.catalina.connector.Connector.startInternal(Connector.java:1001)
	at org.apache.catalina.util.LifecycleBase.start(LifecycleBase.java:183)
	at org.apache.catalina.core.StandardService.addConnector(StandardService.java:225)
	at org.springframework.boot.web.embedded.tomcat.TomcatWebServer.addPreviouslyRemovedConnectors(TomcatWebServer.java:259)
	at org.springframework.boot.web.embedded.tomcat.TomcatWebServer.start(TomcatWebServer.java:197)
	at org.springframework.boot.web.servlet.context.ServletWebServerApplicationContext.startWebServer(ServletWebServerApplicationContext.java:311)
	at org.springframework.boot.web.servlet.context.ServletWebServerApplicationContext.finishRefresh(ServletWebServerApplicationContext.java:164)
	at org.springframework.context.support.AbstractApplicationContext.refresh(AbstractApplicationContext.java:549)
	at org.springframework.boot.web.servlet.context.ServletWebServerApplicationContext.refresh(ServletWebServerApplicationContext.java:142)
	at org.springframework.boot.SpringApplication.refresh(SpringApplication.java:775)
	at org.springframework.boot.SpringApplication.refreshContext(SpringApplication.java:397)
	at org.springframework.boot.SpringApplication.run(SpringApplication.java:316)
	at org.springframework.boot.SpringApplication.run(SpringApplication.java:1260)
	at org.springframework.boot.SpringApplication.run(SpringApplication.java:1248)
	at com.m2m.management.ManagementApplication.main(ManagementApplication.java:21)
	at sun.reflect.NativeMethodAccessorImpl.invoke0(Native Method)
	at sun.reflect.NativeMethodAccessorImpl.invoke(NativeMethodAccessorImpl.java:62)
	at sun.reflect.DelegatingMethodAccessorImpl.invoke(DelegatingMethodAccessorImpl.java:43)
	at java.lang.reflect.Method.invoke(Method.java:498)
	at org.springframework.boot.loader.MainMethodRunner.run(MainMethodRunner.java:48)
	at org.springframework.boot.loader.Launcher.launch(Launcher.java:87)
	at org.springframework.boot.loader.Launcher.launch(Launcher.java:50)
	at org.springframework.boot.loader.JarLauncher.main(JarLauncher.java:51)
Caused by: java.net.BindException: 地址已在使用
	at sun.nio.ch.Net.bind0(Native Method)
	at sun.nio.ch.Net.bind(Net.java:433)
	at sun.nio.ch.Net.bind(Net.java:425)
	at sun.nio.ch.ServerSocketChannelImpl.bind(ServerSocketChannelImpl.java:223)
	at sun.nio.ch.ServerSocketAdaptor.bind(ServerSocketAdaptor.java:74)
	at org.apache.tomcat.util.net.NioEndpoint.initServerSocket(NioEndpoint.java:236)
	at org.apache.tomcat.util.net.NioEndpoint.bind(NioEndpoint.java:210)
	at org.apache.tomcat.util.net.AbstractEndpoint.bindWithCleanup(AbstractEndpoint.java:1067)
	at org.apache.tomcat.util.net.AbstractEndpoint.start(AbstractEndpoint.java:1149)
	at org.apache.coyote.AbstractProtocol.start(AbstractProtocol.java:561)
	at org.apache.catalina.connector.Connector.startInternal(Connector.java:998)
	... 22 common frames omitted
2025-10-23 11:35:55.601 [main] INFO  org.apache.coyote.http11.Http11NioProtocol - Pausing ProtocolHandler ["http-nio-30001"]
2025-10-23 11:35:55.604 [main] INFO  org.apache.catalina.core.StandardService - Stopping service [Tomcat]
2025-10-23 11:35:55.618 [main] INFO  org.apache.catalina.util.LifecycleBase - The stop() method was called on component [StandardServer[-1]] after stop() had already been called. The second call will be ignored.
2025-10-23 11:35:55.620 [main] INFO  org.apache.coyote.http11.Http11NioProtocol - Stopping ProtocolHandler ["http-nio-30001"]
2025-10-23 11:35:55.621 [main] INFO  org.apache.coyote.http11.Http11NioProtocol - Destroying ProtocolHandler ["http-nio-30001"]
2025-10-23 11:35:55.627 [main] INFO  o.s.b.a.l.ConditionEvaluationReportLoggingListener - 

Error starting ApplicationContext. To display the conditions report re-run your application with 'debug' enabled.
2025-10-23 11:35:55.629 [main] ERROR o.s.b.diagnostics.LoggingFailureAnalysisReporter - 

***************************
APPLICATION FAILED TO START
***************************

Description:

The Tomcat connector configured to listen on port 30001 failed to start. The port may already be in use or the connector may be misconfigured.

Action:

Verify the connector's configuration, identify and stop any process that's listening on port 30001, or configure this application to listen on another port.

2025-10-23 11:35:55.634 [main] INFO  o.s.scheduling.concurrent.ThreadPoolTaskExecutor - Shutting down ExecutorService 'applicationTaskExecutor'
2025-10-23 11:35:55.649 [main] INFO  o.s.orm.jpa.LocalContainerEntityManagerFactoryBean - Closing JPA EntityManagerFactory for persistence unit 'default'
2025-10-23 11:36:14.640 [http-nio-30001-exec-3] WARN  o.s.w.s.m.support.DefaultHandlerExceptionResolver - Resolved [org.springframework.web.HttpRequestMethodNotSupportedException: Request method 'GET' not supported]
2025-10-23 11:37:51.360 [main] INFO  o.s.b.t.context.SpringBootTestContextBootstrapper - Neither @ContextConfiguration nor @ContextHierarchy found for test class [com.m2m.management.ManagementApplicationTests], using SpringBootContextLoader
2025-10-23 11:37:51.381 [main] INFO  o.s.test.context.support.AbstractContextLoader - Could not detect default resource locations for test class [com.m2m.management.ManagementApplicationTests]: no resource found for suffixes {-context.xml, Context.groovy}.
2025-10-23 11:37:51.391 [main] INFO  o.s.t.c.support.AnnotationConfigContextLoaderUtils - Could not detect default configuration classes for test class [com.m2m.management.ManagementApplicationTests]: ManagementApplicationTests does not declare any static, non-private, non-final, nested classes annotated with @Configuration.
2025-10-23 11:37:51.869 [main] INFO  o.s.b.t.context.SpringBootTestContextBootstrapper - Found @SpringBootConfiguration com.m2m.management.ManagementApplication for test class com.m2m.management.ManagementApplicationTests
2025-10-23 11:37:52.320 [main] INFO  o.s.b.t.context.SpringBootTestContextBootstrapper - Loaded default TestExecutionListener class names from location [META-INF/spring.factories]: [org.springframework.boot.test.autoconfigure.restdocs.RestDocsTestExecutionListener, org.springframework.boot.test.autoconfigure.web.client.MockRestServiceServerResetTestExecutionListener, org.springframework.boot.test.autoconfigure.web.servlet.MockMvcPrintOnlyOnFailureTestExecutionListener, org.springframework.boot.test.autoconfigure.web.servlet.WebDriverTestExecutionListener, org.springframework.boot.test.mock.mockito.MockitoTestExecutionListener, org.springframework.boot.test.mock.mockito.ResetMocksTestExecutionListener, org.springframework.test.context.web.ServletTestExecutionListener, org.springframework.test.context.support.DirtiesContextBeforeModesTestExecutionListener, org.springframework.test.context.support.DependencyInjectionTestExecutionListener, org.springframework.test.context.support.DirtiesContextTestExecutionListener, org.springframework.test.context.transaction.TransactionalTestExecutionListener, org.springframework.test.context.jdbc.SqlScriptsTestExecutionListener]
2025-10-23 11:37:52.434 [main] INFO  o.s.b.t.context.SpringBootTestContextBootstrapper - Using TestExecutionListeners: [org.springframework.test.context.web.ServletTestExecutionListener@82de64a, org.springframework.test.context.support.DirtiesContextBeforeModesTestExecutionListener@659499f1, org.springframework.boot.test.mock.mockito.MockitoTestExecutionListener@51e69659, org.springframework.boot.test.autoconfigure.SpringBootDependencyInjectionTestExecutionListener@47e2e487, org.springframework.test.context.support.DirtiesContextTestExecutionListener@201a4587, org.springframework.test.context.transaction.TransactionalTestExecutionListener@61001b64, org.springframework.test.context.jdbc.SqlScriptsTestExecutionListener@4310d43, org.springframework.boot.test.autoconfigure.restdocs.RestDocsTestExecutionListener@54a7079e, org.springframework.boot.test.autoconfigure.web.client.MockRestServiceServerResetTestExecutionListener@26e356f0, org.springframework.boot.test.autoconfigure.web.servlet.MockMvcPrintOnlyOnFailureTestExecutionListener@47d9a273, org.springframework.boot.test.autoconfigure.web.servlet.WebDriverTestExecutionListener@4b8ee4de, org.springframework.boot.test.mock.mockito.ResetMocksTestExecutionListener@27f981c6]
2025-10-23 11:37:53.672 [main] INFO  com.m2m.management.ManagementApplicationTests - Starting ManagementApplicationTests on gangqiangsun-VirtualBox with PID 11781 (started by root in /home/gangqiangsun/MYPROJECT/BACKEND/m2m-management-ensaas-edgehub)
2025-10-23 11:37:53.673 [main] INFO  com.m2m.management.ManagementApplicationTests - No active profile set, falling back to default profiles: default
2025-10-23 11:37:57.514 [main] INFO  o.s.d.r.config.RepositoryConfigurationDelegate - Bootstrapping Spring Data repositories in DEFAULT mode.
2025-10-23 11:37:58.065 [main] INFO  o.s.d.r.config.RepositoryConfigurationDelegate - Finished Spring Data repository scanning in 512ms. Found 18 repository interfaces.
2025-10-23 11:38:00.823 [main] INFO  o.s.c.s.PostProcessorRegistrationDelegate$BeanPostProcessorChecker - Bean 'org.springframework.transaction.annotation.ProxyTransactionManagementConfiguration' of type [org.springframework.transaction.annotation.ProxyTransactionManagementConfiguration$$EnhancerBySpringCGLIB$$41af2712] is not eligible for getting processed by all BeanPostProcessors (for example: not eligible for auto-proxying)
2025-10-23 11:38:01.038 [main] INFO  o.s.c.s.PostProcessorRegistrationDelegate$BeanPostProcessorChecker - Bean 'org.springframework.hateoas.config.HateoasConfiguration' of type [org.springframework.hateoas.config.HateoasConfiguration$$EnhancerBySpringCGLIB$$c12f7444] is not eligible for getting processed by all BeanPostProcessors (for example: not eligible for auto-proxying)
2025-10-23 11:38:04.843 [main] INFO  org.hibernate.jpa.internal.util.LogHelper - HHH000204: Processing PersistenceUnitInfo [
	name: default
	...]
2025-10-23 11:38:05.044 [main] INFO  org.hibernate.Version - HHH000412: Hibernate Core {5.3.7.Final}
2025-10-23 11:38:05.056 [main] INFO  org.hibernate.cfg.Environment - HHH000206: hibernate.properties not found
2025-10-23 11:38:05.519 [main] INFO  org.hibernate.annotations.common.Version - HCANN000001: Hibernate Commons Annotations {5.0.4.Final}
2025-10-23 11:38:06.031 [main] INFO  org.hibernate.dialect.Dialect - HHH000400: Using dialect: org.hibernate.dialect.PostgreSQLDialect
2025-10-23 11:38:06.135 [main] INFO  o.h.engine.jdbc.env.internal.LobCreatorBuilderImpl - HHH000422: Disabling contextual LOB creation as connection was null
2025-10-23 11:38:06.161 [main] INFO  org.hibernate.type.BasicTypeRegistry - HHH000270: Type registration [java.util.UUID] overrides previous : org.hibernate.type.UUIDBinaryType@23ad71bf
2025-10-23 11:38:11.024 [main] INFO  o.s.orm.jpa.LocalContainerEntityManagerFactoryBean - Initialized JPA EntityManagerFactory for persistence unit 'default'
2025-10-23 11:38:13.949 [main] INFO  o.h.hql.internal.QueryTranslatorFactoryInitiator - HHH000397: Using ASTQueryTranslatorFactory
2025-10-23 11:38:17.530 [main] INFO  o.s.scheduling.concurrent.ThreadPoolTaskExecutor - Initializing ExecutorService 'applicationTaskExecutor'
2025-10-23 11:38:17.837 [main] WARN  o.s.b.a.o.j.JpaBaseConfiguration$JpaWebConfiguration$JpaWebMvcConfiguration - spring.jpa.open-in-view is enabled by default. Therefore, database queries may be performed during view rendering. Explicitly configure spring.jpa.open-in-view to disable this warning
2025-10-23 11:38:18.454 [main] INFO  o.s.b.a.web.servlet.WelcomePageHandlerMapping - Adding welcome page: class path resource [aStore/index.html]
2025-10-23 11:38:19.280 [main] INFO  com.m2m.management.ManagementApplicationTests - Started ManagementApplicationTests in 26.641 seconds (JVM running for 30.853)
2025-10-23 11:38:19.671 [main] ERROR com.m2m.management.utils.VerifyWpLicense - PARTNUMBER is empty
2025-10-23 11:38:20.337 [Thread-3] INFO  o.s.scheduling.concurrent.ThreadPoolTaskExecutor - Shutting down ExecutorService 'applicationTaskExecutor'
2025-10-23 11:38:20.404 [Thread-3] INFO  o.s.orm.jpa.LocalContainerEntityManagerFactoryBean - Closing JPA EntityManagerFactory for persistence unit 'default'
2025-10-23 11:40:21.927 [main] INFO  com.m2m.management.ManagementApplication - Starting ManagementApplication v0.0.1-SNAPSHOT on gangqiangsun-VirtualBox with PID 11891 (/home/gangqiangsun/MYPROJECT/BACKEND/m2m-management-ensaas-edgehub/target/management-0.0.1-SNAPSHOT.jar started by root in /home/gangqiangsun/MYPROJECT/BACKEND/m2m-management-ensaas-edgehub)
2025-10-23 11:40:21.934 [main] INFO  com.m2m.management.ManagementApplication - No active profile set, falling back to default profiles: default
2025-10-23 11:40:23.720 [main] INFO  o.s.d.r.config.RepositoryConfigurationDelegate - Bootstrapping Spring Data repositories in DEFAULT mode.
2025-10-23 11:40:23.955 [main] INFO  o.s.d.r.config.RepositoryConfigurationDelegate - Finished Spring Data repository scanning in 223ms. Found 18 repository interfaces.
2025-10-23 11:40:24.936 [main] INFO  o.s.c.s.PostProcessorRegistrationDelegate$BeanPostProcessorChecker - Bean 'org.springframework.transaction.annotation.ProxyTransactionManagementConfiguration' of type [org.springframework.transaction.annotation.ProxyTransactionManagementConfiguration$$EnhancerBySpringCGLIB$$70822469] is not eligible for getting processed by all BeanPostProcessors (for example: not eligible for auto-proxying)
2025-10-23 11:40:24.981 [main] INFO  o.s.c.s.PostProcessorRegistrationDelegate$BeanPostProcessorChecker - Bean 'org.springframework.hateoas.config.HateoasConfiguration' of type [org.springframework.hateoas.config.HateoasConfiguration$$EnhancerBySpringCGLIB$$f002719b] is not eligible for getting processed by all BeanPostProcessors (for example: not eligible for auto-proxying)
2025-10-23 11:40:26.007 [main] INFO  o.s.boot.web.embedded.tomcat.TomcatWebServer - Tomcat initialized with port(s): 30001 (http)
2025-10-23 11:40:26.071 [main] INFO  org.apache.coyote.http11.Http11NioProtocol - Initializing ProtocolHandler ["http-nio-30001"]
2025-10-23 11:40:26.110 [main] INFO  org.apache.catalina.core.StandardService - Starting service [Tomcat]
2025-10-23 11:40:26.111 [main] INFO  org.apache.catalina.core.StandardEngine - Starting Servlet Engine: Apache Tomcat/9.0.13
2025-10-23 11:40:26.153 [main] INFO  org.apache.catalina.core.AprLifecycleListener - The APR based Apache Tomcat Native library which allows optimal performance in production environments was not found on the java.library.path: [/usr/java/packages/lib/amd64:/usr/lib64:/lib64:/lib:/usr/lib]
2025-10-23 11:40:26.369 [main] INFO  o.a.c.core.ContainerBase.[Tomcat].[localhost].[/] - Initializing Spring embedded WebApplicationContext
2025-10-23 11:40:26.369 [main] INFO  org.springframework.web.context.ContextLoader - Root WebApplicationContext: initialization completed in 4251 ms
2025-10-23 11:40:27.793 [main] INFO  org.hibernate.jpa.internal.util.LogHelper - HHH000204: Processing PersistenceUnitInfo [
	name: default
	...]
2025-10-23 11:40:27.969 [main] INFO  org.hibernate.Version - HHH000412: Hibernate Core {5.3.7.Final}
2025-10-23 11:40:27.974 [main] INFO  org.hibernate.cfg.Environment - HHH000206: hibernate.properties not found
2025-10-23 11:40:28.242 [main] INFO  org.hibernate.annotations.common.Version - HCANN000001: Hibernate Commons Annotations {5.0.4.Final}
2025-10-23 11:40:28.852 [main] INFO  org.hibernate.dialect.Dialect - HHH000400: Using dialect: org.hibernate.dialect.PostgreSQLDialect
2025-10-23 11:40:28.882 [main] INFO  o.h.engine.jdbc.env.internal.LobCreatorBuilderImpl - HHH000422: Disabling contextual LOB creation as connection was null
2025-10-23 11:40:28.891 [main] INFO  org.hibernate.type.BasicTypeRegistry - HHH000270: Type registration [java.util.UUID] overrides previous : org.hibernate.type.UUIDBinaryType@c4ed84
2025-10-23 11:40:30.944 [main] INFO  o.s.orm.jpa.LocalContainerEntityManagerFactoryBean - Initialized JPA EntityManagerFactory for persistence unit 'default'
2025-10-23 11:40:32.465 [main] INFO  o.h.hql.internal.QueryTranslatorFactoryInitiator - HHH000397: Using ASTQueryTranslatorFactory
2025-10-23 11:40:34.229 [main] INFO  o.s.scheduling.concurrent.ThreadPoolTaskExecutor - Initializing ExecutorService 'applicationTaskExecutor'
2025-10-23 11:40:34.462 [main] WARN  o.s.b.a.o.j.JpaBaseConfiguration$JpaWebConfiguration$JpaWebMvcConfiguration - spring.jpa.open-in-view is enabled by default. Therefore, database queries may be performed during view rendering. Explicitly configure spring.jpa.open-in-view to disable this warning
2025-10-23 11:40:34.894 [main] INFO  o.s.b.a.web.servlet.WelcomePageHandlerMapping - Adding welcome page: class path resource [aStore/index.html]
2025-10-23 11:40:35.548 [main] INFO  org.apache.coyote.http11.Http11NioProtocol - Starting ProtocolHandler ["http-nio-30001"]
2025-10-23 11:40:35.562 [main] INFO  org.apache.tomcat.util.net.NioSelectorPool - Using a shared selector for servlet write/read
2025-10-23 11:40:35.594 [main] ERROR org.apache.catalina.util.LifecycleBase - Failed to start component [Connector[HTTP/1.1-30001]]
org.apache.catalina.LifecycleException: Protocol handler start failed
	at org.apache.catalina.connector.Connector.startInternal(Connector.java:1001)
	at org.apache.catalina.util.LifecycleBase.start(LifecycleBase.java:183)
	at org.apache.catalina.core.StandardService.addConnector(StandardService.java:225)
	at org.springframework.boot.web.embedded.tomcat.TomcatWebServer.addPreviouslyRemovedConnectors(TomcatWebServer.java:259)
	at org.springframework.boot.web.embedded.tomcat.TomcatWebServer.start(TomcatWebServer.java:197)
	at org.springframework.boot.web.servlet.context.ServletWebServerApplicationContext.startWebServer(ServletWebServerApplicationContext.java:311)
	at org.springframework.boot.web.servlet.context.ServletWebServerApplicationContext.finishRefresh(ServletWebServerApplicationContext.java:164)
	at org.springframework.context.support.AbstractApplicationContext.refresh(AbstractApplicationContext.java:549)
	at org.springframework.boot.web.servlet.context.ServletWebServerApplicationContext.refresh(ServletWebServerApplicationContext.java:142)
	at org.springframework.boot.SpringApplication.refresh(SpringApplication.java:775)
	at org.springframework.boot.SpringApplication.refreshContext(SpringApplication.java:397)
	at org.springframework.boot.SpringApplication.run(SpringApplication.java:316)
	at org.springframework.boot.SpringApplication.run(SpringApplication.java:1260)
	at org.springframework.boot.SpringApplication.run(SpringApplication.java:1248)
	at com.m2m.management.ManagementApplication.main(ManagementApplication.java:21)
	at sun.reflect.NativeMethodAccessorImpl.invoke0(Native Method)
	at sun.reflect.NativeMethodAccessorImpl.invoke(NativeMethodAccessorImpl.java:62)
	at sun.reflect.DelegatingMethodAccessorImpl.invoke(DelegatingMethodAccessorImpl.java:43)
	at java.lang.reflect.Method.invoke(Method.java:498)
	at org.springframework.boot.loader.MainMethodRunner.run(MainMethodRunner.java:48)
	at org.springframework.boot.loader.Launcher.launch(Launcher.java:87)
	at org.springframework.boot.loader.Launcher.launch(Launcher.java:50)
	at org.springframework.boot.loader.JarLauncher.main(JarLauncher.java:51)
Caused by: java.net.BindException: 地址已在使用
	at sun.nio.ch.Net.bind0(Native Method)
	at sun.nio.ch.Net.bind(Net.java:433)
	at sun.nio.ch.Net.bind(Net.java:425)
	at sun.nio.ch.ServerSocketChannelImpl.bind(ServerSocketChannelImpl.java:223)
	at sun.nio.ch.ServerSocketAdaptor.bind(ServerSocketAdaptor.java:74)
	at org.apache.tomcat.util.net.NioEndpoint.initServerSocket(NioEndpoint.java:236)
	at org.apache.tomcat.util.net.NioEndpoint.bind(NioEndpoint.java:210)
	at org.apache.tomcat.util.net.AbstractEndpoint.bindWithCleanup(AbstractEndpoint.java:1067)
	at org.apache.tomcat.util.net.AbstractEndpoint.start(AbstractEndpoint.java:1149)
	at org.apache.coyote.AbstractProtocol.start(AbstractProtocol.java:561)
	at org.apache.catalina.connector.Connector.startInternal(Connector.java:998)
	... 22 common frames omitted
2025-10-23 11:40:35.624 [main] INFO  org.apache.coyote.http11.Http11NioProtocol - Pausing ProtocolHandler ["http-nio-30001"]
2025-10-23 11:40:35.634 [main] INFO  org.apache.catalina.core.StandardService - Stopping service [Tomcat]
2025-10-23 11:40:35.699 [main] INFO  org.apache.catalina.util.LifecycleBase - The stop() method was called on component [StandardServer[-1]] after stop() had already been called. The second call will be ignored.
2025-10-23 11:40:35.701 [main] INFO  org.apache.coyote.http11.Http11NioProtocol - Stopping ProtocolHandler ["http-nio-30001"]
2025-10-23 11:40:35.703 [main] INFO  org.apache.coyote.http11.Http11NioProtocol - Destroying ProtocolHandler ["http-nio-30001"]
2025-10-23 11:40:35.712 [main] INFO  o.s.b.a.l.ConditionEvaluationReportLoggingListener - 

Error starting ApplicationContext. To display the conditions report re-run your application with 'debug' enabled.
2025-10-23 11:40:35.726 [main] ERROR o.s.b.diagnostics.LoggingFailureAnalysisReporter - 

***************************
APPLICATION FAILED TO START
***************************

Description:

The Tomcat connector configured to listen on port 30001 failed to start. The port may already be in use or the connector may be misconfigured.

Action:

Verify the connector's configuration, identify and stop any process that's listening on port 30001, or configure this application to listen on another port.

2025-10-23 11:40:35.743 [main] INFO  o.s.scheduling.concurrent.ThreadPoolTaskExecutor - Shutting down ExecutorService 'applicationTaskExecutor'
2025-10-23 11:40:35.758 [main] INFO  o.s.orm.jpa.LocalContainerEntityManagerFactoryBean - Closing JPA EntityManagerFactory for persistence unit 'default'
2025-10-23 11:40:37.293 [http-nio-30001-exec-5] WARN  o.s.w.s.m.support.DefaultHandlerExceptionResolver - Resolved [org.springframework.web.HttpRequestMethodNotSupportedException: Request method 'GET' not supported]
2025-10-23 11:41:03.148 [Thread-4] INFO  o.s.scheduling.concurrent.ThreadPoolTaskExecutor - Shutting down ExecutorService 'applicationTaskExecutor'
2025-10-23 11:41:03.168 [Thread-4] INFO  o.s.orm.jpa.LocalContainerEntityManagerFactoryBean - Closing JPA EntityManagerFactory for persistence unit 'default'
2025-10-23 11:41:07.080 [main] INFO  com.m2m.management.ManagementApplication - Starting ManagementApplication v0.0.1-SNAPSHOT on gangqiangsun-VirtualBox with PID 11974 (/home/gangqiangsun/MYPROJECT/BACKEND/m2m-management-ensaas-edgehub/target/management-0.0.1-SNAPSHOT.jar started by root in /home/gangqiangsun/MYPROJECT/BACKEND/m2m-management-ensaas-edgehub)
2025-10-23 11:41:07.105 [main] INFO  com.m2m.management.ManagementApplication - No active profile set, falling back to default profiles: default
2025-10-23 11:41:09.363 [main] INFO  o.s.d.r.config.RepositoryConfigurationDelegate - Bootstrapping Spring Data repositories in DEFAULT mode.
2025-10-23 11:41:09.831 [main] INFO  o.s.d.r.config.RepositoryConfigurationDelegate - Finished Spring Data repository scanning in 445ms. Found 18 repository interfaces.
2025-10-23 11:41:11.080 [main] INFO  o.s.c.s.PostProcessorRegistrationDelegate$BeanPostProcessorChecker - Bean 'org.springframework.transaction.annotation.ProxyTransactionManagementConfiguration' of type [org.springframework.transaction.annotation.ProxyTransactionManagementConfiguration$$EnhancerBySpringCGLIB$$d79faec3] is not eligible for getting processed by all BeanPostProcessors (for example: not eligible for auto-proxying)
2025-10-23 11:41:11.158 [main] INFO  o.s.c.s.PostProcessorRegistrationDelegate$BeanPostProcessorChecker - Bean 'org.springframework.hateoas.config.HateoasConfiguration' of type [org.springframework.hateoas.config.HateoasConfiguration$$EnhancerBySpringCGLIB$$571ffbf5] is not eligible for getting processed by all BeanPostProcessors (for example: not eligible for auto-proxying)
2025-10-23 11:41:12.227 [main] INFO  o.s.boot.web.embedded.tomcat.TomcatWebServer - Tomcat initialized with port(s): 30001 (http)
2025-10-23 11:41:12.262 [main] INFO  org.apache.coyote.http11.Http11NioProtocol - Initializing ProtocolHandler ["http-nio-30001"]
2025-10-23 11:41:12.331 [main] INFO  org.apache.catalina.core.StandardService - Starting service [Tomcat]
2025-10-23 11:41:12.331 [main] INFO  org.apache.catalina.core.StandardEngine - Starting Servlet Engine: Apache Tomcat/9.0.13
2025-10-23 11:41:12.375 [main] INFO  org.apache.catalina.core.AprLifecycleListener - The APR based Apache Tomcat Native library which allows optimal performance in production environments was not found on the java.library.path: [/usr/java/packages/lib/amd64:/usr/lib64:/lib64:/lib:/usr/lib]
2025-10-23 11:41:12.574 [main] INFO  o.a.c.core.ContainerBase.[Tomcat].[localhost].[/] - Initializing Spring embedded WebApplicationContext
2025-10-23 11:41:12.582 [main] INFO  org.springframework.web.context.ContextLoader - Root WebApplicationContext: initialization completed in 5275 ms
2025-10-23 11:41:13.980 [main] INFO  org.hibernate.jpa.internal.util.LogHelper - HHH000204: Processing PersistenceUnitInfo [
	name: default
	...]
2025-10-23 11:41:14.096 [main] INFO  org.hibernate.Version - HHH000412: Hibernate Core {5.3.7.Final}
2025-10-23 11:41:14.098 [main] INFO  org.hibernate.cfg.Environment - HHH000206: hibernate.properties not found
2025-10-23 11:41:14.480 [main] INFO  org.hibernate.annotations.common.Version - HCANN000001: Hibernate Commons Annotations {5.0.4.Final}
2025-10-23 11:41:15.163 [main] INFO  org.hibernate.dialect.Dialect - HHH000400: Using dialect: org.hibernate.dialect.PostgreSQLDialect
2025-10-23 11:41:15.211 [main] INFO  o.h.engine.jdbc.env.internal.LobCreatorBuilderImpl - HHH000422: Disabling contextual LOB creation as connection was null
2025-10-23 11:41:15.221 [main] INFO  org.hibernate.type.BasicTypeRegistry - HHH000270: Type registration [java.util.UUID] overrides previous : org.hibernate.type.UUIDBinaryType@35d08e6c
2025-10-23 11:41:17.816 [main] INFO  o.s.orm.jpa.LocalContainerEntityManagerFactoryBean - Initialized JPA EntityManagerFactory for persistence unit 'default'
2025-10-23 11:41:19.474 [main] INFO  o.h.hql.internal.QueryTranslatorFactoryInitiator - HHH000397: Using ASTQueryTranslatorFactory
2025-10-23 11:41:21.311 [main] INFO  o.s.scheduling.concurrent.ThreadPoolTaskExecutor - Initializing ExecutorService 'applicationTaskExecutor'
2025-10-23 11:41:21.405 [main] WARN  o.s.b.a.o.j.JpaBaseConfiguration$JpaWebConfiguration$JpaWebMvcConfiguration - spring.jpa.open-in-view is enabled by default. Therefore, database queries may be performed during view rendering. Explicitly configure spring.jpa.open-in-view to disable this warning
2025-10-23 11:41:21.805 [main] INFO  o.s.b.a.web.servlet.WelcomePageHandlerMapping - Adding welcome page: class path resource [aStore/index.html]
2025-10-23 11:41:22.394 [main] INFO  org.apache.coyote.http11.Http11NioProtocol - Starting ProtocolHandler ["http-nio-30001"]
2025-10-23 11:41:22.399 [main] INFO  org.apache.tomcat.util.net.NioSelectorPool - Using a shared selector for servlet write/read
2025-10-23 11:41:22.541 [main] INFO  o.s.boot.web.embedded.tomcat.TomcatWebServer - Tomcat started on port(s): 30001 (http) with context path ''
2025-10-23 11:41:22.550 [main] INFO  com.m2m.management.ManagementApplication - Started ManagementApplication in 16.268 seconds (JVM running for 17.29)
2025-10-23 11:41:22.832 [main] ERROR com.m2m.management.utils.VerifyWpLicense - PARTNUMBER is empty
2025-10-23 11:42:03.975 [http-nio-30001-exec-1] INFO  o.a.c.core.ContainerBase.[Tomcat].[localhost].[/] - Initializing Spring DispatcherServlet 'dispatcherServlet'
2025-10-23 11:42:03.976 [http-nio-30001-exec-1] INFO  org.springframework.web.servlet.DispatcherServlet - Initializing Servlet 'dispatcherServlet'
2025-10-23 11:42:04.039 [http-nio-30001-exec-1] INFO  org.springframework.web.servlet.DispatcherServlet - Completed initialization in 61 ms
2025-10-23 11:45:24.007 [Thread-4] INFO  o.s.scheduling.concurrent.ThreadPoolTaskExecutor - Shutting down ExecutorService 'applicationTaskExecutor'
2025-10-23 11:45:24.096 [Thread-4] INFO  o.s.orm.jpa.LocalContainerEntityManagerFactoryBean - Closing JPA EntityManagerFactory for persistence unit 'default'
