2022-01-14 14:39:06.266 [main] INFO  o.s.b.t.context.SpringBootTestContextBootstrapper - Neither @ContextConfiguration nor @ContextHierarchy found for test class [com.m2m.management.ManagementApplicationTests], using SpringBootContextLoader
2022-01-14 14:39:06.280 [main] INFO  o.s.test.context.support.AbstractContextLoader - Could not detect default resource locations for test class [com.m2m.management.ManagementApplicationTests]: no resource found for suffixes {-context.xml, Context.groovy}.
2022-01-14 14:39:06.282 [main] INFO  o.s.t.c.support.AnnotationConfigContextLoaderUtils - Could not detect default configuration classes for test class [com.m2m.management.ManagementApplicationTests]: ManagementApplicationTests does not declare any static, non-private, non-final, nested classes annotated with @Configuration.
2022-01-14 14:39:06.451 [main] INFO  o.s.b.t.context.SpringBootTestContextBootstrapper - Found @SpringBootConfiguration com.m2m.management.ManagementApplication for test class com.m2m.management.ManagementApplicationTests
2022-01-14 14:39:06.589 [main] INFO  o.s.b.t.context.SpringBootTestContextBootstrapper - Loaded default TestExecutionListener class names from location [META-INF/spring.factories]: [org.springframework.boot.test.autoconfigure.restdocs.RestDocsTestExecutionListener, org.springframework.boot.test.autoconfigure.web.client.MockRestServiceServerResetTestExecutionListener, org.springframework.boot.test.autoconfigure.web.servlet.MockMvcPrintOnlyOnFailureTestExecutionListener, org.springframework.boot.test.autoconfigure.web.servlet.WebDriverTestExecutionListener, org.springframework.boot.test.mock.mockito.MockitoTestExecutionListener, org.springframework.boot.test.mock.mockito.ResetMocksTestExecutionListener, org.springframework.test.context.web.ServletTestExecutionListener, org.springframework.test.context.support.DirtiesContextBeforeModesTestExecutionListener, org.springframework.test.context.support.DependencyInjectionTestExecutionListener, org.springframework.test.context.support.DirtiesContextTestExecutionListener, org.springframework.test.context.transaction.TransactionalTestExecutionListener, org.springframework.test.context.jdbc.SqlScriptsTestExecutionListener]
2022-01-14 14:39:06.613 [main] INFO  o.s.b.t.context.SpringBootTestContextBootstrapper - Using TestExecutionListeners: [org.springframework.test.context.web.ServletTestExecutionListener@483f6d77, org.springframework.test.context.support.DirtiesContextBeforeModesTestExecutionListener@7e5afaa6, org.springframework.boot.test.mock.mockito.MockitoTestExecutionListener@63a12c68, org.springframework.boot.test.autoconfigure.SpringBootDependencyInjectionTestExecutionListener@28f3b248, org.springframework.test.context.support.DirtiesContextTestExecutionListener@1b1426f4, org.springframework.test.context.transaction.TransactionalTestExecutionListener@32b260fa, org.springframework.test.context.jdbc.SqlScriptsTestExecutionListener@581ac8a8, org.springframework.boot.test.autoconfigure.restdocs.RestDocsTestExecutionListener@6d4e5011, org.springframework.boot.test.autoconfigure.web.client.MockRestServiceServerResetTestExecutionListener@57d7f8ca, org.springframework.boot.test.autoconfigure.web.servlet.MockMvcPrintOnlyOnFailureTestExecutionListener@76c3e77a, org.springframework.boot.test.autoconfigure.web.servlet.WebDriverTestExecutionListener@78123e82, org.springframework.boot.test.mock.mockito.ResetMocksTestExecutionListener@67c33749]
2022-01-14 14:39:06.917 [main] INFO  com.m2m.management.ManagementApplicationTests - Starting ManagementApplicationTests on gangqiangsun-QiTianM610-N000 with PID 13563 (started by root in /home/gangqiangsun/MYPROJECT/BACKEND/m2m-management-ensaas-single)
2022-01-14 14:39:06.918 [main] INFO  com.m2m.management.ManagementApplicationTests - No active profile set, falling back to default profiles: default
2022-01-14 14:39:07.896 [main] INFO  o.s.d.r.config.RepositoryConfigurationDelegate - Bootstrapping Spring Data repositories in DEFAULT mode.
2022-01-14 14:39:08.060 [main] INFO  o.s.d.r.config.RepositoryConfigurationDelegate - Finished Spring Data repository scanning in 156ms. Found 18 repository interfaces.
2022-01-14 14:39:08.622 [main] INFO  o.s.c.s.PostProcessorRegistrationDelegate$BeanPostProcessorChecker - Bean 'org.springframework.transaction.annotation.ProxyTransactionManagementConfiguration' of type [org.springframework.transaction.annotation.ProxyTransactionManagementConfiguration$$EnhancerBySpringCGLIB$$b635838a] is not eligible for getting processed by all BeanPostProcessors (for example: not eligible for auto-proxying)
2022-01-14 14:39:08.647 [main] INFO  o.s.c.s.PostProcessorRegistrationDelegate$BeanPostProcessorChecker - Bean 'org.springframework.hateoas.config.HateoasConfiguration' of type [org.springframework.hateoas.config.HateoasConfiguration$$EnhancerBySpringCGLIB$$35b5d0bc] is not eligible for getting processed by all BeanPostProcessors (for example: not eligible for auto-proxying)
2022-01-14 14:39:09.594 [main] INFO  org.hibernate.jpa.internal.util.LogHelper - HHH000204: Processing PersistenceUnitInfo [
	name: default
	...]
2022-01-14 14:39:09.677 [main] INFO  org.hibernate.Version - HHH000412: Hibernate Core {5.3.7.Final}
2022-01-14 14:39:09.679 [main] INFO  org.hibernate.cfg.Environment - HHH000206: hibernate.properties not found
2022-01-14 14:39:09.991 [main] INFO  org.hibernate.annotations.common.Version - HCANN000001: Hibernate Commons Annotations {5.0.4.Final}
2022-01-14 14:39:10.191 [main] INFO  org.hibernate.dialect.Dialect - HHH000400: Using dialect: org.hibernate.dialect.PostgreSQLDialect
2022-01-14 14:39:10.204 [main] INFO  o.h.engine.jdbc.env.internal.LobCreatorBuilderImpl - HHH000422: Disabling contextual LOB creation as connection was null
2022-01-14 14:39:10.211 [main] INFO  org.hibernate.type.BasicTypeRegistry - HHH000270: Type registration [java.util.UUID] overrides previous : org.hibernate.type.UUIDBinaryType@1e54a6b1
2022-01-14 14:39:11.128 [main] INFO  o.s.orm.jpa.LocalContainerEntityManagerFactoryBean - Initialized JPA EntityManagerFactory for persistence unit 'default'
2022-01-14 14:39:11.902 [main] INFO  o.h.hql.internal.QueryTranslatorFactoryInitiator - HHH000397: Using ASTQueryTranslatorFactory
2022-01-14 14:39:12.939 [main] INFO  o.s.scheduling.concurrent.ThreadPoolTaskExecutor - Initializing ExecutorService 'applicationTaskExecutor'
2022-01-14 14:39:13.015 [main] WARN  o.s.b.a.o.j.JpaBaseConfiguration$JpaWebConfiguration$JpaWebMvcConfiguration - spring.jpa.open-in-view is enabled by default. Therefore, database queries may be performed during view rendering. Explicitly configure spring.jpa.open-in-view to disable this warning
2022-01-14 14:39:13.183 [main] INFO  o.s.b.a.web.servlet.WelcomePageHandlerMapping - Adding welcome page: class path resource [aStore/index.html]
2022-01-14 14:39:13.461 [main] INFO  com.m2m.management.ManagementApplicationTests - Started ManagementApplicationTests in 6.819 seconds (JVM running for 7.786)
2022-01-14 14:39:13.666 [Thread-3] INFO  o.s.scheduling.concurrent.ThreadPoolTaskExecutor - Shutting down ExecutorService 'applicationTaskExecutor'
2022-01-14 14:39:13.671 [Thread-3] INFO  o.s.orm.jpa.LocalContainerEntityManagerFactoryBean - Closing JPA EntityManagerFactory for persistence unit 'default'
2022-01-14 17:41:46.954 [main] INFO  o.s.b.t.context.SpringBootTestContextBootstrapper - Neither @ContextConfiguration nor @ContextHierarchy found for test class [com.m2m.management.ManagementApplicationTests], using SpringBootContextLoader
2022-01-14 17:41:46.974 [main] INFO  o.s.test.context.support.AbstractContextLoader - Could not detect default resource locations for test class [com.m2m.management.ManagementApplicationTests]: no resource found for suffixes {-context.xml, Context.groovy}.
2022-01-14 17:41:46.974 [main] INFO  o.s.t.c.support.AnnotationConfigContextLoaderUtils - Could not detect default configuration classes for test class [com.m2m.management.ManagementApplicationTests]: ManagementApplicationTests does not declare any static, non-private, non-final, nested classes annotated with @Configuration.
2022-01-14 17:41:47.131 [main] INFO  o.s.b.t.context.SpringBootTestContextBootstrapper - Found @SpringBootConfiguration com.m2m.management.ManagementApplication for test class com.m2m.management.ManagementApplicationTests
2022-01-14 17:41:47.309 [main] INFO  o.s.b.t.context.SpringBootTestContextBootstrapper - Loaded default TestExecutionListener class names from location [META-INF/spring.factories]: [org.springframework.boot.test.autoconfigure.restdocs.RestDocsTestExecutionListener, org.springframework.boot.test.autoconfigure.web.client.MockRestServiceServerResetTestExecutionListener, org.springframework.boot.test.autoconfigure.web.servlet.MockMvcPrintOnlyOnFailureTestExecutionListener, org.springframework.boot.test.autoconfigure.web.servlet.WebDriverTestExecutionListener, org.springframework.boot.test.mock.mockito.MockitoTestExecutionListener, org.springframework.boot.test.mock.mockito.ResetMocksTestExecutionListener, org.springframework.test.context.web.ServletTestExecutionListener, org.springframework.test.context.support.DirtiesContextBeforeModesTestExecutionListener, org.springframework.test.context.support.DependencyInjectionTestExecutionListener, org.springframework.test.context.support.DirtiesContextTestExecutionListener, org.springframework.test.context.transaction.TransactionalTestExecutionListener, org.springframework.test.context.jdbc.SqlScriptsTestExecutionListener]
2022-01-14 17:41:47.335 [main] INFO  o.s.b.t.context.SpringBootTestContextBootstrapper - Using TestExecutionListeners: [org.springframework.test.context.web.ServletTestExecutionListener@483f6d77, org.springframework.test.context.support.DirtiesContextBeforeModesTestExecutionListener@7e5afaa6, org.springframework.boot.test.mock.mockito.MockitoTestExecutionListener@63a12c68, org.springframework.boot.test.autoconfigure.SpringBootDependencyInjectionTestExecutionListener@28f3b248, org.springframework.test.context.support.DirtiesContextTestExecutionListener@1b1426f4, org.springframework.test.context.transaction.TransactionalTestExecutionListener@32b260fa, org.springframework.test.context.jdbc.SqlScriptsTestExecutionListener@581ac8a8, org.springframework.boot.test.autoconfigure.restdocs.RestDocsTestExecutionListener@6d4e5011, org.springframework.boot.test.autoconfigure.web.client.MockRestServiceServerResetTestExecutionListener@57d7f8ca, org.springframework.boot.test.autoconfigure.web.servlet.MockMvcPrintOnlyOnFailureTestExecutionListener@76c3e77a, org.springframework.boot.test.autoconfigure.web.servlet.WebDriverTestExecutionListener@78123e82, org.springframework.boot.test.mock.mockito.ResetMocksTestExecutionListener@67c33749]
2022-01-14 17:41:47.589 [main] INFO  com.m2m.management.ManagementApplicationTests - Starting ManagementApplicationTests on gangqiangsun-QiTianM610-N000 with PID 1796 (started by root in /home/gangqiangsun/MYPROJECT/BACKEND/m2m-management-ensaas-single)
2022-01-14 17:41:47.589 [main] INFO  com.m2m.management.ManagementApplicationTests - No active profile set, falling back to default profiles: default
2022-01-14 17:41:48.721 [main] INFO  o.s.d.r.config.RepositoryConfigurationDelegate - Bootstrapping Spring Data repositories in DEFAULT mode.
2022-01-14 17:41:48.844 [main] INFO  o.s.d.r.config.RepositoryConfigurationDelegate - Finished Spring Data repository scanning in 106ms. Found 18 repository interfaces.
2022-01-14 17:41:49.447 [main] INFO  o.s.c.s.PostProcessorRegistrationDelegate$BeanPostProcessorChecker - Bean 'org.springframework.transaction.annotation.ProxyTransactionManagementConfiguration' of type [org.springframework.transaction.annotation.ProxyTransactionManagementConfiguration$$EnhancerBySpringCGLIB$$65d6aed1] is not eligible for getting processed by all BeanPostProcessors (for example: not eligible for auto-proxying)
2022-01-14 17:41:49.467 [main] INFO  o.s.c.s.PostProcessorRegistrationDelegate$BeanPostProcessorChecker - Bean 'org.springframework.hateoas.config.HateoasConfiguration' of type [org.springframework.hateoas.config.HateoasConfiguration$$EnhancerBySpringCGLIB$$e556fc03] is not eligible for getting processed by all BeanPostProcessors (for example: not eligible for auto-proxying)
2022-01-14 17:41:50.639 [main] INFO  org.hibernate.jpa.internal.util.LogHelper - HHH000204: Processing PersistenceUnitInfo [
	name: default
	...]
2022-01-14 17:41:50.707 [main] INFO  org.hibernate.Version - HHH000412: Hibernate Core {5.3.7.Final}
2022-01-14 17:41:50.708 [main] INFO  org.hibernate.cfg.Environment - HHH000206: hibernate.properties not found
2022-01-14 17:41:50.925 [main] INFO  org.hibernate.annotations.common.Version - HCANN000001: Hibernate Commons Annotations {5.0.4.Final}
2022-01-14 17:41:51.096 [main] INFO  org.hibernate.dialect.Dialect - HHH000400: Using dialect: org.hibernate.dialect.PostgreSQLDialect
2022-01-14 17:41:51.113 [main] INFO  o.h.engine.jdbc.env.internal.LobCreatorBuilderImpl - HHH000422: Disabling contextual LOB creation as connection was null
2022-01-14 17:41:51.118 [main] INFO  org.hibernate.type.BasicTypeRegistry - HHH000270: Type registration [java.util.UUID] overrides previous : org.hibernate.type.UUIDBinaryType@5042e3d0
2022-01-14 17:41:52.183 [main] INFO  o.s.orm.jpa.LocalContainerEntityManagerFactoryBean - Initialized JPA EntityManagerFactory for persistence unit 'default'
2022-01-14 17:41:52.938 [main] INFO  o.h.hql.internal.QueryTranslatorFactoryInitiator - HHH000397: Using ASTQueryTranslatorFactory
2022-01-14 17:41:54.085 [main] INFO  o.s.scheduling.concurrent.ThreadPoolTaskExecutor - Initializing ExecutorService 'applicationTaskExecutor'
2022-01-14 17:41:54.152 [main] WARN  o.s.b.a.o.j.JpaBaseConfiguration$JpaWebConfiguration$JpaWebMvcConfiguration - spring.jpa.open-in-view is enabled by default. Therefore, database queries may be performed during view rendering. Explicitly configure spring.jpa.open-in-view to disable this warning
2022-01-14 17:41:54.308 [main] INFO  o.s.b.a.web.servlet.WelcomePageHandlerMapping - Adding welcome page: class path resource [aStore/index.html]
2022-01-14 17:41:54.532 [main] INFO  com.m2m.management.ManagementApplicationTests - Started ManagementApplicationTests in 7.169 seconds (JVM running for 8.232)
2022-01-14 17:41:54.724 [Thread-3] INFO  o.s.scheduling.concurrent.ThreadPoolTaskExecutor - Shutting down ExecutorService 'applicationTaskExecutor'
2022-01-14 17:41:54.731 [Thread-3] INFO  o.s.orm.jpa.LocalContainerEntityManagerFactoryBean - Closing JPA EntityManagerFactory for persistence unit 'default'
