2022-01-18 14:01:13.752 [main] INFO  o.s.b.t.context.SpringBootTestContextBootstrapper - Neither @ContextConfiguration nor @ContextHierarchy found for test class [com.m2m.management.ManagementApplicationTests], using SpringBootContextLoader
2022-01-18 14:01:13.756 [main] INFO  o.s.test.context.support.AbstractContextLoader - Could not detect default resource locations for test class [com.m2m.management.ManagementApplicationTests]: no resource found for suffixes {-context.xml, Context.groovy}.
2022-01-18 14:01:13.756 [main] INFO  o.s.t.c.support.AnnotationConfigContextLoaderUtils - Could not detect default configuration classes for test class [com.m2m.management.ManagementApplicationTests]: ManagementApplicationTests does not declare any static, non-private, non-final, nested classes annotated with @Configuration.
2022-01-18 14:01:13.956 [main] INFO  o.s.b.t.context.SpringBootTestContextBootstrapper - Found @SpringBootConfiguration com.m2m.management.ManagementApplication for test class com.m2m.management.ManagementApplicationTests
2022-01-18 14:01:14.085 [main] INFO  o.s.b.t.context.SpringBootTestContextBootstrapper - Loaded default TestExecutionListener class names from location [META-INF/spring.factories]: [org.springframework.boot.test.autoconfigure.restdocs.RestDocsTestExecutionListener, org.springframework.boot.test.autoconfigure.web.client.MockRestServiceServerResetTestExecutionListener, org.springframework.boot.test.autoconfigure.web.servlet.MockMvcPrintOnlyOnFailureTestExecutionListener, org.springframework.boot.test.autoconfigure.web.servlet.WebDriverTestExecutionListener, org.springframework.boot.test.mock.mockito.MockitoTestExecutionListener, org.springframework.boot.test.mock.mockito.ResetMocksTestExecutionListener, org.springframework.test.context.web.ServletTestExecutionListener, org.springframework.test.context.support.DirtiesContextBeforeModesTestExecutionListener, org.springframework.test.context.support.DependencyInjectionTestExecutionListener, org.springframework.test.context.support.DirtiesContextTestExecutionListener, org.springframework.test.context.transaction.TransactionalTestExecutionListener, org.springframework.test.context.jdbc.SqlScriptsTestExecutionListener]
2022-01-18 14:01:14.095 [main] INFO  o.s.b.t.context.SpringBootTestContextBootstrapper - Using TestExecutionListeners: [org.springframework.test.context.web.ServletTestExecutionListener@63a12c68, org.springframework.test.context.support.DirtiesContextBeforeModesTestExecutionListener@28f3b248, org.springframework.boot.test.mock.mockito.MockitoTestExecutionListener@1b1426f4, org.springframework.boot.test.autoconfigure.SpringBootDependencyInjectionTestExecutionListener@32b260fa, org.springframework.test.context.support.DirtiesContextTestExecutionListener@581ac8a8, org.springframework.test.context.transaction.TransactionalTestExecutionListener@6d4e5011, org.springframework.test.context.jdbc.SqlScriptsTestExecutionListener@57d7f8ca, org.springframework.boot.test.autoconfigure.restdocs.RestDocsTestExecutionListener@76c3e77a, org.springframework.boot.test.autoconfigure.web.client.MockRestServiceServerResetTestExecutionListener@78123e82, org.springframework.boot.test.autoconfigure.web.servlet.MockMvcPrintOnlyOnFailureTestExecutionListener@67c33749, org.springframework.boot.test.autoconfigure.web.servlet.WebDriverTestExecutionListener@fba92d3, org.springframework.boot.test.mock.mockito.ResetMocksTestExecutionListener@662b4c69]
2022-01-18 14:01:14.392 [main] INFO  com.m2m.management.ManagementApplicationTests - Starting ManagementApplicationTests on gangqiangsun-QiTianM610-N000 with PID 32302 (started by root in /home/gangqiangsun/MYPROJECT/BACKEND/m2m-management-ensaas-single)
2022-01-18 14:01:14.392 [main] INFO  com.m2m.management.ManagementApplicationTests - No active profile set, falling back to default profiles: default
2022-01-18 14:01:15.358 [main] INFO  o.s.d.r.config.RepositoryConfigurationDelegate - Bootstrapping Spring Data repositories in DEFAULT mode.
2022-01-18 14:01:15.481 [main] INFO  o.s.d.r.config.RepositoryConfigurationDelegate - Finished Spring Data repository scanning in 114ms. Found 18 repository interfaces.
2022-01-18 14:01:15.977 [main] INFO  o.s.c.s.PostProcessorRegistrationDelegate$BeanPostProcessorChecker - Bean 'org.springframework.transaction.annotation.ProxyTransactionManagementConfiguration' of type [org.springframework.transaction.annotation.ProxyTransactionManagementConfiguration$$EnhancerBySpringCGLIB$$b635838a] is not eligible for getting processed by all BeanPostProcessors (for example: not eligible for auto-proxying)
2022-01-18 14:01:16.002 [main] INFO  o.s.c.s.PostProcessorRegistrationDelegate$BeanPostProcessorChecker - Bean 'org.springframework.hateoas.config.HateoasConfiguration' of type [org.springframework.hateoas.config.HateoasConfiguration$$EnhancerBySpringCGLIB$$35b5d0bc] is not eligible for getting processed by all BeanPostProcessors (for example: not eligible for auto-proxying)
2022-01-18 14:01:17.006 [main] INFO  org.hibernate.jpa.internal.util.LogHelper - HHH000204: Processing PersistenceUnitInfo [
	name: default
	...]
2022-01-18 14:01:17.071 [main] INFO  org.hibernate.Version - HHH000412: Hibernate Core {5.3.7.Final}
2022-01-18 14:01:17.072 [main] INFO  org.hibernate.cfg.Environment - HHH000206: hibernate.properties not found
2022-01-18 14:01:17.264 [main] INFO  org.hibernate.annotations.common.Version - HCANN000001: Hibernate Commons Annotations {5.0.4.Final}
2022-01-18 14:01:17.403 [main] INFO  org.hibernate.dialect.Dialect - HHH000400: Using dialect: org.hibernate.dialect.PostgreSQLDialect
2022-01-18 14:01:17.450 [main] INFO  o.h.engine.jdbc.env.internal.LobCreatorBuilderImpl - HHH000422: Disabling contextual LOB creation as connection was null
2022-01-18 14:01:17.456 [main] INFO  org.hibernate.type.BasicTypeRegistry - HHH000270: Type registration [java.util.UUID] overrides previous : org.hibernate.type.UUIDBinaryType@1e54a6b1
2022-01-18 14:01:19.922 [main] INFO  o.s.orm.jpa.LocalContainerEntityManagerFactoryBean - Initialized JPA EntityManagerFactory for persistence unit 'default'
2022-01-18 14:01:20.702 [main] INFO  o.h.hql.internal.QueryTranslatorFactoryInitiator - HHH000397: Using ASTQueryTranslatorFactory
2022-01-18 14:01:21.753 [main] INFO  o.s.scheduling.concurrent.ThreadPoolTaskExecutor - Initializing ExecutorService 'applicationTaskExecutor'
2022-01-18 14:01:21.813 [main] WARN  o.s.b.a.o.j.JpaBaseConfiguration$JpaWebConfiguration$JpaWebMvcConfiguration - spring.jpa.open-in-view is enabled by default. Therefore, database queries may be performed during view rendering. Explicitly configure spring.jpa.open-in-view to disable this warning
2022-01-18 14:01:21.983 [main] INFO  o.s.b.a.web.servlet.WelcomePageHandlerMapping - Adding welcome page: class path resource [aStore/index.html]
2022-01-18 14:01:22.235 [main] INFO  com.m2m.management.ManagementApplicationTests - Started ManagementApplicationTests in 8.117 seconds (JVM running for 9.045)
2022-01-18 14:01:22.725 [Thread-3] INFO  o.s.scheduling.concurrent.ThreadPoolTaskExecutor - Shutting down ExecutorService 'applicationTaskExecutor'
2022-01-18 14:01:22.740 [Thread-3] INFO  o.s.orm.jpa.LocalContainerEntityManagerFactoryBean - Closing JPA EntityManagerFactory for persistence unit 'default'
2022-01-18 16:32:16.012 [main] INFO  o.s.b.t.context.SpringBootTestContextBootstrapper - Neither @ContextConfiguration nor @ContextHierarchy found for test class [com.m2m.management.ManagementApplicationTests], using SpringBootContextLoader
2022-01-18 16:32:16.028 [main] INFO  o.s.test.context.support.AbstractContextLoader - Could not detect default resource locations for test class [com.m2m.management.ManagementApplicationTests]: no resource found for suffixes {-context.xml, Context.groovy}.
2022-01-18 16:32:16.029 [main] INFO  o.s.t.c.support.AnnotationConfigContextLoaderUtils - Could not detect default configuration classes for test class [com.m2m.management.ManagementApplicationTests]: ManagementApplicationTests does not declare any static, non-private, non-final, nested classes annotated with @Configuration.
2022-01-18 16:32:16.182 [main] INFO  o.s.b.t.context.SpringBootTestContextBootstrapper - Found @SpringBootConfiguration com.m2m.management.ManagementApplication for test class com.m2m.management.ManagementApplicationTests
2022-01-18 16:32:16.322 [main] INFO  o.s.b.t.context.SpringBootTestContextBootstrapper - Loaded default TestExecutionListener class names from location [META-INF/spring.factories]: [org.springframework.boot.test.autoconfigure.restdocs.RestDocsTestExecutionListener, org.springframework.boot.test.autoconfigure.web.client.MockRestServiceServerResetTestExecutionListener, org.springframework.boot.test.autoconfigure.web.servlet.MockMvcPrintOnlyOnFailureTestExecutionListener, org.springframework.boot.test.autoconfigure.web.servlet.WebDriverTestExecutionListener, org.springframework.boot.test.mock.mockito.MockitoTestExecutionListener, org.springframework.boot.test.mock.mockito.ResetMocksTestExecutionListener, org.springframework.test.context.web.ServletTestExecutionListener, org.springframework.test.context.support.DirtiesContextBeforeModesTestExecutionListener, org.springframework.test.context.support.DependencyInjectionTestExecutionListener, org.springframework.test.context.support.DirtiesContextTestExecutionListener, org.springframework.test.context.transaction.TransactionalTestExecutionListener, org.springframework.test.context.jdbc.SqlScriptsTestExecutionListener]
2022-01-18 16:32:16.332 [main] INFO  o.s.b.t.context.SpringBootTestContextBootstrapper - Using TestExecutionListeners: [org.springframework.test.context.web.ServletTestExecutionListener@483f6d77, org.springframework.test.context.support.DirtiesContextBeforeModesTestExecutionListener@7e5afaa6, org.springframework.boot.test.mock.mockito.MockitoTestExecutionListener@63a12c68, org.springframework.boot.test.autoconfigure.SpringBootDependencyInjectionTestExecutionListener@28f3b248, org.springframework.test.context.support.DirtiesContextTestExecutionListener@1b1426f4, org.springframework.test.context.transaction.TransactionalTestExecutionListener@32b260fa, org.springframework.test.context.jdbc.SqlScriptsTestExecutionListener@581ac8a8, org.springframework.boot.test.autoconfigure.restdocs.RestDocsTestExecutionListener@6d4e5011, org.springframework.boot.test.autoconfigure.web.client.MockRestServiceServerResetTestExecutionListener@57d7f8ca, org.springframework.boot.test.autoconfigure.web.servlet.MockMvcPrintOnlyOnFailureTestExecutionListener@76c3e77a, org.springframework.boot.test.autoconfigure.web.servlet.WebDriverTestExecutionListener@78123e82, org.springframework.boot.test.mock.mockito.ResetMocksTestExecutionListener@67c33749]
2022-01-18 16:32:16.600 [main] INFO  com.m2m.management.ManagementApplicationTests - Starting ManagementApplicationTests on gangqiangsun-QiTianM610-N000 with PID 26176 (started by root in /home/gangqiangsun/MYPROJECT/BACKEND/m2m-management-ensaas-single)
2022-01-18 16:32:16.601 [main] INFO  com.m2m.management.ManagementApplicationTests - No active profile set, falling back to default profiles: default
2022-01-18 16:32:17.638 [main] INFO  o.s.d.r.config.RepositoryConfigurationDelegate - Bootstrapping Spring Data repositories in DEFAULT mode.
2022-01-18 16:32:17.746 [main] INFO  o.s.d.r.config.RepositoryConfigurationDelegate - Finished Spring Data repository scanning in 101ms. Found 18 repository interfaces.
2022-01-18 16:32:18.331 [main] INFO  o.s.c.s.PostProcessorRegistrationDelegate$BeanPostProcessorChecker - Bean 'org.springframework.transaction.annotation.ProxyTransactionManagementConfiguration' of type [org.springframework.transaction.annotation.ProxyTransactionManagementConfiguration$$EnhancerBySpringCGLIB$$317ac137] is not eligible for getting processed by all BeanPostProcessors (for example: not eligible for auto-proxying)
2022-01-18 16:32:18.361 [main] INFO  o.s.c.s.PostProcessorRegistrationDelegate$BeanPostProcessorChecker - Bean 'org.springframework.hateoas.config.HateoasConfiguration' of type [org.springframework.hateoas.config.HateoasConfiguration$$EnhancerBySpringCGLIB$$b0fb0e69] is not eligible for getting processed by all BeanPostProcessors (for example: not eligible for auto-proxying)
2022-01-18 16:32:19.195 [main] INFO  org.hibernate.jpa.internal.util.LogHelper - HHH000204: Processing PersistenceUnitInfo [
	name: default
	...]
2022-01-18 16:32:19.263 [main] INFO  org.hibernate.Version - HHH000412: Hibernate Core {5.3.7.Final}
2022-01-18 16:32:19.264 [main] INFO  org.hibernate.cfg.Environment - HHH000206: hibernate.properties not found
2022-01-18 16:32:19.460 [main] INFO  org.hibernate.annotations.common.Version - HCANN000001: Hibernate Commons Annotations {5.0.4.Final}
2022-01-18 16:32:19.638 [main] INFO  org.hibernate.dialect.Dialect - HHH000400: Using dialect: org.hibernate.dialect.PostgreSQLDialect
2022-01-18 16:32:19.651 [main] INFO  o.h.engine.jdbc.env.internal.LobCreatorBuilderImpl - HHH000422: Disabling contextual LOB creation as connection was null
2022-01-18 16:32:19.656 [main] INFO  org.hibernate.type.BasicTypeRegistry - HHH000270: Type registration [java.util.UUID] overrides previous : org.hibernate.type.UUIDBinaryType@159424e2
2022-01-18 16:32:20.720 [main] INFO  o.s.orm.jpa.LocalContainerEntityManagerFactoryBean - Initialized JPA EntityManagerFactory for persistence unit 'default'
2022-01-18 16:32:21.513 [main] INFO  o.h.hql.internal.QueryTranslatorFactoryInitiator - HHH000397: Using ASTQueryTranslatorFactory
2022-01-18 16:32:22.604 [main] INFO  o.s.scheduling.concurrent.ThreadPoolTaskExecutor - Initializing ExecutorService 'applicationTaskExecutor'
2022-01-18 16:32:22.661 [main] WARN  o.s.b.a.o.j.JpaBaseConfiguration$JpaWebConfiguration$JpaWebMvcConfiguration - spring.jpa.open-in-view is enabled by default. Therefore, database queries may be performed during view rendering. Explicitly configure spring.jpa.open-in-view to disable this warning
2022-01-18 16:32:22.810 [main] INFO  o.s.b.a.web.servlet.WelcomePageHandlerMapping - Adding welcome page: class path resource [aStore/index.html]
2022-01-18 16:32:23.073 [main] INFO  com.m2m.management.ManagementApplicationTests - Started ManagementApplicationTests in 6.716 seconds (JVM running for 7.588)
2022-01-18 16:32:23.351 [Thread-3] INFO  o.s.scheduling.concurrent.ThreadPoolTaskExecutor - Shutting down ExecutorService 'applicationTaskExecutor'
2022-01-18 16:32:23.358 [Thread-3] INFO  o.s.orm.jpa.LocalContainerEntityManagerFactoryBean - Closing JPA EntityManagerFactory for persistence unit 'default'
