2021-12-22 13:20:20.839 [main] INFO  o.s.b.t.context.SpringBootTestContextBootstrapper - Neither @ContextConfiguration nor @ContextHierarchy found for test class [com.m2m.management.ManagementApplicationTests], using SpringBootContextLoader
2021-12-22 13:20:20.847 [main] INFO  o.s.test.context.support.AbstractContextLoader - Could not detect default resource locations for test class [com.m2m.management.ManagementApplicationTests]: no resource found for suffixes {-context.xml, Context.groovy}.
2021-12-22 13:20:20.849 [main] INFO  o.s.t.c.support.AnnotationConfigContextLoaderUtils - Could not detect default configuration classes for test class [com.m2m.management.ManagementApplicationTests]: ManagementApplicationTests does not declare any static, non-private, non-final, nested classes annotated with @Configuration.
2021-12-22 13:20:20.948 [main] INFO  o.s.b.t.context.SpringBootTestContextBootstrapper - Found @SpringBootConfiguration com.m2m.management.ManagementApplication for test class com.m2m.management.ManagementApplicationTests
2021-12-22 13:20:21.057 [main] INFO  o.s.b.t.context.SpringBootTestContextBootstrapper - Loaded default TestExecutionListener class names from location [META-INF/spring.factories]: [org.springframework.boot.test.autoconfigure.restdocs.RestDocsTestExecutionListener, org.springframework.boot.test.autoconfigure.web.client.MockRestServiceServerResetTestExecutionListener, org.springframework.boot.test.autoconfigure.web.servlet.MockMvcPrintOnlyOnFailureTestExecutionListener, org.springframework.boot.test.autoconfigure.web.servlet.WebDriverTestExecutionListener, org.springframework.boot.test.mock.mockito.MockitoTestExecutionListener, org.springframework.boot.test.mock.mockito.ResetMocksTestExecutionListener, org.springframework.test.context.web.ServletTestExecutionListener, org.springframework.test.context.support.DirtiesContextBeforeModesTestExecutionListener, org.springframework.test.context.support.DependencyInjectionTestExecutionListener, org.springframework.test.context.support.DirtiesContextTestExecutionListener, org.springframework.test.context.transaction.TransactionalTestExecutionListener, org.springframework.test.context.jdbc.SqlScriptsTestExecutionListener]
2021-12-22 13:20:21.068 [main] INFO  o.s.b.t.context.SpringBootTestContextBootstrapper - Using TestExecutionListeners: [org.springframework.test.context.web.ServletTestExecutionListener@3e84448c, org.springframework.test.context.support.DirtiesContextBeforeModesTestExecutionListener@4a7f959b, org.springframework.boot.test.mock.mockito.MockitoTestExecutionListener@429bffaa, org.springframework.boot.test.autoconfigure.SpringBootDependencyInjectionTestExecutionListener@5403f35f, org.springframework.test.context.support.DirtiesContextTestExecutionListener@483f6d77, org.springframework.test.context.transaction.TransactionalTestExecutionListener@7e5afaa6, org.springframework.test.context.jdbc.SqlScriptsTestExecutionListener@63a12c68, org.springframework.boot.test.autoconfigure.restdocs.RestDocsTestExecutionListener@28f3b248, org.springframework.boot.test.autoconfigure.web.client.MockRestServiceServerResetTestExecutionListener@1b1426f4, org.springframework.boot.test.autoconfigure.web.servlet.MockMvcPrintOnlyOnFailureTestExecutionListener@32b260fa, org.springframework.boot.test.autoconfigure.web.servlet.WebDriverTestExecutionListener@581ac8a8, org.springframework.boot.test.mock.mockito.ResetMocksTestExecutionListener@6d4e5011]
2021-12-22 13:20:21.340 [main] INFO  com.m2m.management.ManagementApplicationTests - Starting ManagementApplicationTests on gangqiangsun-QiTianM610-N000 with PID 1112 (started by root in /home/gangqiangsun/MYPROJECT/BACKEND/m2m-management-ensaas-single)
2021-12-22 13:20:21.341 [main] INFO  com.m2m.management.ManagementApplicationTests - No active profile set, falling back to default profiles: default
2021-12-22 13:20:22.171 [main] INFO  o.s.d.r.config.RepositoryConfigurationDelegate - Bootstrapping Spring Data repositories in DEFAULT mode.
2021-12-22 13:20:22.275 [main] INFO  o.s.d.r.config.RepositoryConfigurationDelegate - Finished Spring Data repository scanning in 86ms. Found 13 repository interfaces.
2021-12-22 13:20:22.794 [main] INFO  o.s.c.s.PostProcessorRegistrationDelegate$BeanPostProcessorChecker - Bean 'org.springframework.transaction.annotation.ProxyTransactionManagementConfiguration' of type [org.springframework.transaction.annotation.ProxyTransactionManagementConfiguration$$EnhancerBySpringCGLIB$$fc6e61a9] is not eligible for getting processed by all BeanPostProcessors (for example: not eligible for auto-proxying)
2021-12-22 13:20:22.822 [main] INFO  o.s.c.s.PostProcessorRegistrationDelegate$BeanPostProcessorChecker - Bean 'org.springframework.hateoas.config.HateoasConfiguration' of type [org.springframework.hateoas.config.HateoasConfiguration$$EnhancerBySpringCGLIB$$7beeaedb] is not eligible for getting processed by all BeanPostProcessors (for example: not eligible for auto-proxying)
2021-12-22 13:20:23.536 [main] INFO  org.hibernate.jpa.internal.util.LogHelper - HHH000204: Processing PersistenceUnitInfo [
	name: default
	...]
2021-12-22 13:20:23.577 [main] INFO  org.hibernate.Version - HHH000412: Hibernate Core {5.3.7.Final}
2021-12-22 13:20:23.578 [main] INFO  org.hibernate.cfg.Environment - HHH000206: hibernate.properties not found
2021-12-22 13:20:23.770 [main] INFO  org.hibernate.annotations.common.Version - HCANN000001: Hibernate Commons Annotations {5.0.4.Final}
2021-12-22 13:20:23.891 [main] INFO  org.hibernate.dialect.Dialect - HHH000400: Using dialect: org.hibernate.dialect.PostgreSQLDialect
2021-12-22 13:20:23.900 [main] INFO  o.h.engine.jdbc.env.internal.LobCreatorBuilderImpl - HHH000422: Disabling contextual LOB creation as connection was null
2021-12-22 13:20:23.904 [main] INFO  org.hibernate.type.BasicTypeRegistry - HHH000270: Type registration [java.util.UUID] overrides previous : org.hibernate.type.UUIDBinaryType@6042d663
2021-12-22 13:20:24.787 [main] INFO  o.s.orm.jpa.LocalContainerEntityManagerFactoryBean - Initialized JPA EntityManagerFactory for persistence unit 'default'
2021-12-22 13:20:26.261 [main] INFO  o.s.scheduling.concurrent.ThreadPoolTaskExecutor - Initializing ExecutorService 'applicationTaskExecutor'
2021-12-22 13:20:26.310 [main] WARN  o.s.b.a.o.j.JpaBaseConfiguration$JpaWebConfiguration$JpaWebMvcConfiguration - spring.jpa.open-in-view is enabled by default. Therefore, database queries may be performed during view rendering. Explicitly configure spring.jpa.open-in-view to disable this warning
2021-12-22 13:20:26.441 [main] INFO  o.s.b.a.web.servlet.WelcomePageHandlerMapping - Adding welcome page: class path resource [aStore/index.html]
2021-12-22 13:20:26.667 [main] INFO  com.m2m.management.ManagementApplicationTests - Started ManagementApplicationTests in 5.578 seconds (JVM running for 6.308)
2021-12-22 13:20:26.742 [Thread-3] INFO  o.s.scheduling.concurrent.ThreadPoolTaskExecutor - Shutting down ExecutorService 'applicationTaskExecutor'
2021-12-22 13:20:26.747 [Thread-3] INFO  o.s.orm.jpa.LocalContainerEntityManagerFactoryBean - Closing JPA EntityManagerFactory for persistence unit 'default'
2021-12-22 13:22:23.580 [main] INFO  o.s.b.t.context.SpringBootTestContextBootstrapper - Neither @ContextConfiguration nor @ContextHierarchy found for test class [com.m2m.management.ManagementApplicationTests], using SpringBootContextLoader
2021-12-22 13:22:23.584 [main] INFO  o.s.test.context.support.AbstractContextLoader - Could not detect default resource locations for test class [com.m2m.management.ManagementApplicationTests]: no resource found for suffixes {-context.xml, Context.groovy}.
2021-12-22 13:22:23.585 [main] INFO  o.s.t.c.support.AnnotationConfigContextLoaderUtils - Could not detect default configuration classes for test class [com.m2m.management.ManagementApplicationTests]: ManagementApplicationTests does not declare any static, non-private, non-final, nested classes annotated with @Configuration.
2021-12-22 13:22:23.665 [main] INFO  o.s.b.t.context.SpringBootTestContextBootstrapper - Found @SpringBootConfiguration com.m2m.management.ManagementApplication for test class com.m2m.management.ManagementApplicationTests
2021-12-22 13:22:23.740 [main] INFO  o.s.b.t.context.SpringBootTestContextBootstrapper - Loaded default TestExecutionListener class names from location [META-INF/spring.factories]: [org.springframework.boot.test.autoconfigure.restdocs.RestDocsTestExecutionListener, org.springframework.boot.test.autoconfigure.web.client.MockRestServiceServerResetTestExecutionListener, org.springframework.boot.test.autoconfigure.web.servlet.MockMvcPrintOnlyOnFailureTestExecutionListener, org.springframework.boot.test.autoconfigure.web.servlet.WebDriverTestExecutionListener, org.springframework.boot.test.mock.mockito.MockitoTestExecutionListener, org.springframework.boot.test.mock.mockito.ResetMocksTestExecutionListener, org.springframework.test.context.web.ServletTestExecutionListener, org.springframework.test.context.support.DirtiesContextBeforeModesTestExecutionListener, org.springframework.test.context.support.DependencyInjectionTestExecutionListener, org.springframework.test.context.support.DirtiesContextTestExecutionListener, org.springframework.test.context.transaction.TransactionalTestExecutionListener, org.springframework.test.context.jdbc.SqlScriptsTestExecutionListener]
2021-12-22 13:22:23.753 [main] INFO  o.s.b.t.context.SpringBootTestContextBootstrapper - Using TestExecutionListeners: [org.springframework.test.context.web.ServletTestExecutionListener@10d307f1, org.springframework.test.context.support.DirtiesContextBeforeModesTestExecutionListener@4d5b6aac, org.springframework.boot.test.mock.mockito.MockitoTestExecutionListener@3e84448c, org.springframework.boot.test.autoconfigure.SpringBootDependencyInjectionTestExecutionListener@4a7f959b, org.springframework.test.context.support.DirtiesContextTestExecutionListener@429bffaa, org.springframework.test.context.transaction.TransactionalTestExecutionListener@5403f35f, org.springframework.test.context.jdbc.SqlScriptsTestExecutionListener@483f6d77, org.springframework.boot.test.autoconfigure.restdocs.RestDocsTestExecutionListener@7e5afaa6, org.springframework.boot.test.autoconfigure.web.client.MockRestServiceServerResetTestExecutionListener@63a12c68, org.springframework.boot.test.autoconfigure.web.servlet.MockMvcPrintOnlyOnFailureTestExecutionListener@28f3b248, org.springframework.boot.test.autoconfigure.web.servlet.WebDriverTestExecutionListener@1b1426f4, org.springframework.boot.test.mock.mockito.ResetMocksTestExecutionListener@32b260fa]
2021-12-22 13:22:23.927 [main] INFO  com.m2m.management.ManagementApplicationTests - Starting ManagementApplicationTests on gangqiangsun-QiTianM610-N000 with PID 1334 (started by root in /home/gangqiangsun/MYPROJECT/BACKEND/m2m-management-ensaas-single)
2021-12-22 13:22:23.929 [main] INFO  com.m2m.management.ManagementApplicationTests - No active profile set, falling back to default profiles: default
2021-12-22 13:22:24.580 [main] INFO  o.s.d.r.config.RepositoryConfigurationDelegate - Bootstrapping Spring Data repositories in DEFAULT mode.
2021-12-22 13:22:24.671 [main] INFO  o.s.d.r.config.RepositoryConfigurationDelegate - Finished Spring Data repository scanning in 83ms. Found 13 repository interfaces.
2021-12-22 13:22:25.102 [main] INFO  o.s.c.s.PostProcessorRegistrationDelegate$BeanPostProcessorChecker - Bean 'org.springframework.transaction.annotation.ProxyTransactionManagementConfiguration' of type [org.springframework.transaction.annotation.ProxyTransactionManagementConfiguration$$EnhancerBySpringCGLIB$$6a237d8f] is not eligible for getting processed by all BeanPostProcessors (for example: not eligible for auto-proxying)
2021-12-22 13:22:25.123 [main] INFO  o.s.c.s.PostProcessorRegistrationDelegate$BeanPostProcessorChecker - Bean 'org.springframework.hateoas.config.HateoasConfiguration' of type [org.springframework.hateoas.config.HateoasConfiguration$$EnhancerBySpringCGLIB$$e9a3cac1] is not eligible for getting processed by all BeanPostProcessors (for example: not eligible for auto-proxying)
2021-12-22 13:22:25.556 [main] INFO  org.hibernate.jpa.internal.util.LogHelper - HHH000204: Processing PersistenceUnitInfo [
	name: default
	...]
2021-12-22 13:22:25.603 [main] INFO  org.hibernate.Version - HHH000412: Hibernate Core {5.3.7.Final}
2021-12-22 13:22:25.604 [main] INFO  org.hibernate.cfg.Environment - HHH000206: hibernate.properties not found
2021-12-22 13:22:25.688 [main] INFO  org.hibernate.annotations.common.Version - HCANN000001: Hibernate Commons Annotations {5.0.4.Final}
2021-12-22 13:22:25.772 [main] INFO  org.hibernate.dialect.Dialect - HHH000400: Using dialect: org.hibernate.dialect.PostgreSQLDialect
2021-12-22 13:22:25.781 [main] INFO  o.h.engine.jdbc.env.internal.LobCreatorBuilderImpl - HHH000422: Disabling contextual LOB creation as connection was null
2021-12-22 13:22:25.785 [main] INFO  org.hibernate.type.BasicTypeRegistry - HHH000270: Type registration [java.util.UUID] overrides previous : org.hibernate.type.UUIDBinaryType@4130a648
2021-12-22 13:22:26.549 [main] INFO  o.s.orm.jpa.LocalContainerEntityManagerFactoryBean - Initialized JPA EntityManagerFactory for persistence unit 'default'
2021-12-22 13:22:27.878 [main] INFO  o.s.scheduling.concurrent.ThreadPoolTaskExecutor - Initializing ExecutorService 'applicationTaskExecutor'
2021-12-22 13:22:27.925 [main] WARN  o.s.b.a.o.j.JpaBaseConfiguration$JpaWebConfiguration$JpaWebMvcConfiguration - spring.jpa.open-in-view is enabled by default. Therefore, database queries may be performed during view rendering. Explicitly configure spring.jpa.open-in-view to disable this warning
2021-12-22 13:22:28.065 [main] INFO  o.s.b.a.web.servlet.WelcomePageHandlerMapping - Adding welcome page: class path resource [aStore/index.html]
2021-12-22 13:22:28.242 [main] INFO  com.m2m.management.ManagementApplicationTests - Started ManagementApplicationTests in 4.467 seconds (JVM running for 5.027)
2021-12-22 13:22:28.311 [Thread-3] INFO  o.s.scheduling.concurrent.ThreadPoolTaskExecutor - Shutting down ExecutorService 'applicationTaskExecutor'
2021-12-22 13:22:28.316 [Thread-3] INFO  o.s.orm.jpa.LocalContainerEntityManagerFactoryBean - Closing JPA EntityManagerFactory for persistence unit 'default'
